
****** Vivado v2019.1 (64-bit)
  **** SW Build 2552052 on Fri May 24 14:49:42 MDT 2019
  **** IP Build 2548770 on Fri May 24 18:01:18 MDT 2019
    ** Copyright 1986-2019 Xilinx, Inc. All Rights Reserved.

source run_ippack.tcl -notrace
INFO: [IP_Flow 19-234] Refreshing IP repositories
INFO: [IP_Flow 19-1704] No user IP repositories specified
INFO: [IP_Flow 19-2313] Loaded Vivado IP repository 'E:/design/vivado2019/Vivado/2019.1/data/ip'.
WARNING: [IP_Flow 19-4832] The IP name 'my_net_ap_fadd_3_full_dsp_32' you have specified is long. The Windows operating system has path length limitations. It is recommended you use shorter names to reduce the likelihood of issues.
INFO: [IP_Flow 19-1686] Generating 'Synthesis' target for IP 'my_net_ap_fadd_3_full_dsp_32'...
INFO: [IP_Flow 19-1686] Generating 'Simulation' target for IP 'my_net_ap_fadd_3_full_dsp_32'...
WARNING: [IP_Flow 19-4832] The IP name 'my_net_ap_fdiv_14_no_dsp_32' you have specified is long. The Windows operating system has path length limitations. It is recommended you use shorter names to reduce the likelihood of issues.
INFO: [IP_Flow 19-1686] Generating 'Synthesis' target for IP 'my_net_ap_fdiv_14_no_dsp_32'...
INFO: [IP_Flow 19-1686] Generating 'Simulation' target for IP 'my_net_ap_fdiv_14_no_dsp_32'...
WARNING: [IP_Flow 19-4832] The IP name 'my_net_ap_fexp_7_full_dsp_32' you have specified is long. The Windows operating system has path length limitations. It is recommended you use shorter names to reduce the likelihood of issues.
INFO: [IP_Flow 19-1686] Generating 'Synthesis' target for IP 'my_net_ap_fexp_7_full_dsp_32'...
INFO: [IP_Flow 19-1686] Generating 'Simulation' target for IP 'my_net_ap_fexp_7_full_dsp_32'...
WARNING: [IP_Flow 19-4832] The IP name 'my_net_ap_hadd_3_full_dsp_16' you have specified is long. The Windows operating system has path length limitations. It is recommended you use shorter names to reduce the likelihood of issues.
INFO: [IP_Flow 19-1686] Generating 'Synthesis' target for IP 'my_net_ap_hadd_3_full_dsp_16'...
INFO: [IP_Flow 19-1686] Generating 'Simulation' target for IP 'my_net_ap_hadd_3_full_dsp_16'...
WARNING: [IP_Flow 19-4832] The IP name 'my_net_ap_hcmp_0_no_dsp_16' you have specified is long. The Windows operating system has path length limitations. It is recommended you use shorter names to reduce the likelihood of issues.
INFO: [IP_Flow 19-1686] Generating 'Synthesis' target for IP 'my_net_ap_hcmp_0_no_dsp_16'...
INFO: [IP_Flow 19-1686] Generating 'Simulation' target for IP 'my_net_ap_hcmp_0_no_dsp_16'...
WARNING: [IP_Flow 19-4832] The IP name 'my_net_ap_hmul_2_max_dsp_16' you have specified is long. The Windows operating system has path length limitations. It is recommended you use shorter names to reduce the likelihood of issues.
INFO: [IP_Flow 19-1686] Generating 'Synthesis' target for IP 'my_net_ap_hmul_2_max_dsp_16'...
INFO: [IP_Flow 19-1686] Generating 'Simulation' target for IP 'my_net_ap_hmul_2_max_dsp_16'...
WARNING: [IP_Flow 19-4832] The IP name 'my_net_ap_hptosp_0_no_dsp_16' you have specified is long. The Windows operating system has path length limitations. It is recommended you use shorter names to reduce the likelihood of issues.
INFO: [IP_Flow 19-1686] Generating 'Synthesis' target for IP 'my_net_ap_hptosp_0_no_dsp_16'...
INFO: [IP_Flow 19-1686] Generating 'Simulation' target for IP 'my_net_ap_hptosp_0_no_dsp_16'...
WARNING: [IP_Flow 19-4832] The IP name 'my_net_ap_hsub_3_full_dsp_16' you have specified is long. The Windows operating system has path length limitations. It is recommended you use shorter names to reduce the likelihood of issues.
INFO: [IP_Flow 19-1686] Generating 'Synthesis' target for IP 'my_net_ap_hsub_3_full_dsp_16'...
INFO: [IP_Flow 19-1686] Generating 'Simulation' target for IP 'my_net_ap_hsub_3_full_dsp_16'...
WARNING: [IP_Flow 19-4832] The IP name 'my_net_ap_sitofp_4_no_dsp_32' you have specified is long. The Windows operating system has path length limitations. It is recommended you use shorter names to reduce the likelihood of issues.
INFO: [IP_Flow 19-1686] Generating 'Synthesis' target for IP 'my_net_ap_sitofp_4_no_dsp_32'...
INFO: [IP_Flow 19-1686] Generating 'Simulation' target for IP 'my_net_ap_sitofp_4_no_dsp_32'...
WARNING: [IP_Flow 19-4832] The IP name 'my_net_ap_sptohp_0_no_dsp_32' you have specified is long. The Windows operating system has path length limitations. It is recommended you use shorter names to reduce the likelihood of issues.
INFO: [IP_Flow 19-1686] Generating 'Synthesis' target for IP 'my_net_ap_sptohp_0_no_dsp_32'...
INFO: [IP_Flow 19-1686] Generating 'Simulation' target for IP 'my_net_ap_sptohp_0_no_dsp_32'...
INFO: [IP_Flow 19-234] Refreshing IP repositories
INFO: [IP_Flow 19-1704] No user IP repositories specified
INFO: [IP_Flow 19-2313] Loaded Vivado IP repository 'E:/design/vivado2019/Vivado/2019.1/data/ip'.
INFO: [Common 17-206] Exiting Vivado at Thu Aug  6 17:28:22 2020...
