

================================================================
== Vivado HLS Report for 'conv2'
================================================================
* Date:           Sat Aug  6 17:19:59 2022

* Version:        2019.1 (Build 2552052 on Fri May 24 15:28:33 MDT 2019)
* Project:        my_net
* Solution:       solution1
* Product family: zynq
* Target device:  xc7z020-clg484-1


================================================================
== Performance Estimates
================================================================
+ Timing (ns): 
    * Summary: 
    +--------+-------+----------+------------+
    |  Clock | Target| Estimated| Uncertainty|
    +--------+-------+----------+------------+
    |ap_clk  |  10.00|     8.603|        1.25|
    +--------+-------+----------+------------+

+ Latency (clock cycles): 
    * Summary: 
    +-------+-------+-------+-------+---------+
    |    Latency    |    Interval   | Pipeline|
    |  min  |  max  |  min  |  max  |   Type  |
    +-------+-------+-------+-------+---------+
    |  31221|  31221|  31221|  31221|   none  |
    +-------+-------+-------+-------+---------+

    + Detail: 
        * Instance: 
        N/A

        * Loop: 
        +----------------------+-------+-------+----------+-----------+-----------+------+----------+
        |                      |    Latency    | Iteration|  Initiation Interval  | Trip |          |
        |       Loop Name      |  min  |  max  |  Latency |  achieved |   target  | Count| Pipelined|
        +----------------------+-------+-------+----------+-----------+-----------+------+----------+
        |- Row                 |  31220|  31220|      3122|          -|          -|    10|    no    |
        | + Column             |   3120|   3120|       312|          -|          -|    10|    no    |
        |  ++ Kernel_Row       |    310|    310|        62|          -|          -|     5|    no    |
        |   +++ Kernel_Column  |     60|     60|        12|          -|          -|     5|    no    |
        +----------------------+-------+-------+----------+-----------+-----------+------+----------+

============================================================
+ Verbose Summary: Synthesis Manager
============================================================
InlineROM: 1
ExposeGlobal: 0
============================================================
+ Verbose Summary: CDFG Model
============================================================
IsTopModel: 0
ResetActiveHigh: 1
IsCombinational: 0
IsDatapathOnly: 0
HasWiredReturn: 1
HasMFsm: 0
HasVarLatency: 1
IsPipeline: 0
IsRtlPipelined: 0
IsInstanceOverlapped: 0
IsDontTouch: 0
HasImplIP: 0
IsGatedGlobalClock: 0


============================================================
+ Verbose Summary: Schedule
============================================================
* Number of FSM states : 16
* Pipeline : 0
* Dataflow Pipeline: 0

* FSM state transitions: 
1 --> 2 
2 --> 3 
3 --> 4 2 
4 --> 5 3 
5 --> 6 4 
6 --> 7 
7 --> 8 
8 --> 9 
9 --> 10 
10 --> 11 
11 --> 12 
12 --> 13 
13 --> 14 
14 --> 15 
15 --> 16 
16 --> 5 

* FSM state operations: 

State 1 <SV = 0> <Delay = 6.38>
ST_1 : Operation 17 [1/1] (0.00ns)   --->   "%weight_offset_read = call i6 @_ssdm_op_Read.ap_auto.i6(i6 %weight_offset)" [my_net/src/my_net.cpp:19]   --->   Operation 17 'read' 'weight_offset_read' <Predicate = true> <Delay = 0.00>
ST_1 : Operation 18 [1/1] (0.00ns)   --->   "%input_offset_read = call i5 @_ssdm_op_Read.ap_auto.i5(i5 %input_offset)" [my_net/src/my_net.cpp:19]   --->   Operation 18 'read' 'input_offset_read' <Predicate = true> <Delay = 0.00>
ST_1 : Operation 19 [1/1] (0.00ns)   --->   "%tmp_20 = call i10 @_ssdm_op_BitConcatenate.i10.i6.i4(i6 %weight_offset_read, i4 0)" [my_net/src/my_net.cpp:19]   --->   Operation 19 'bitconcatenate' 'tmp_20' <Predicate = true> <Delay = 0.00>
ST_1 : Operation 20 [1/1] (0.00ns)   --->   "%zext_ln19_7_cast = zext i10 %tmp_20 to i11" [my_net/src/my_net.cpp:19]   --->   Operation 20 'zext' 'zext_ln19_7_cast' <Predicate = true> <Delay = 0.00>
ST_1 : Operation 21 [1/1] (0.00ns)   --->   "%zext_ln19 = zext i5 %input_offset_read to i13" [my_net/src/my_net.cpp:19]   --->   Operation 21 'zext' 'zext_ln19' <Predicate = true> <Delay = 0.00>
ST_1 : Operation 22 [1/1] (0.00ns)   --->   "%zext_ln19_7 = zext i5 %input_offset_read to i11" [my_net/src/my_net.cpp:19]   --->   Operation 22 'zext' 'zext_ln19_7' <Predicate = true> <Delay = 0.00>
ST_1 : Operation 23 [1/1] (0.00ns) (grouped into DSP with root node mul_ln19)   --->   "%add_ln19_9 = add i11 %zext_ln19_7, %zext_ln19_7_cast" [my_net/src/my_net.cpp:19]   --->   Operation 23 'add' 'add_ln19_9' <Predicate = true> <Delay = 0.00> <Core = "DSP48">   --->   Core 88 'DSP48' <Latency = 0> <II = 1> <Delay = 6.38> <IPBlock> <Opcode : 'mul' 'add' 'sub' 'select'> <InPorts = 0> <OutPorts = 1> <Sync> <CReg>
ST_1 : Operation 24 [1/1] (0.00ns) (grouped into DSP with root node mul_ln19)   --->   "%zext_ln19_11 = zext i11 %add_ln19_9 to i15" [my_net/src/my_net.cpp:19]   --->   Operation 24 'zext' 'zext_ln19_11' <Predicate = true> <Delay = 0.00>
ST_1 : Operation 25 [1/1] (6.38ns) (root node of the DSP)   --->   "%mul_ln19 = mul i15 %zext_ln19_11, 25" [my_net/src/my_net.cpp:19]   --->   Operation 25 'mul' 'mul_ln19' <Predicate = true> <Delay = 6.38> <Core = "DSP48">   --->   Core 88 'DSP48' <Latency = 0> <II = 1> <Delay = 6.38> <IPBlock> <Opcode : 'mul' 'add' 'sub' 'select'> <InPorts = 0> <OutPorts = 1> <Sync> <CReg>
ST_1 : Operation 26 [1/1] (4.35ns)   --->   "%mul_ln19_1 = mul i13 %zext_ln19, 196" [my_net/src/my_net.cpp:19]   --->   Operation 26 'mul' 'mul_ln19_1' <Predicate = true> <Delay = 4.35> <Core = "Mul">   --->   Core 16 'Mul' <Latency = 0> <II = 1> <Delay = 4.35> <FuncUnit> <Opcode : 'mul'> <InPorts = 2> <OutPorts = 1>
ST_1 : Operation 27 [1/1] (1.76ns)   --->   "br label %1" [my_net/src/my_net.cpp:8]   --->   Operation 27 'br' <Predicate = true> <Delay = 1.76>

State 2 <SV = 1> <Delay = 1.76>
ST_2 : Operation 28 [1/1] (0.00ns)   --->   "%r_0 = phi i4 [ 0, %0 ], [ %r, %Row_end ]"   --->   Operation 28 'phi' 'r_0' <Predicate = true> <Delay = 0.00>
ST_2 : Operation 29 [1/1] (0.00ns)   --->   "%empty = call i32 (...)* @_ssdm_op_SpecLoopTripCount(i64 10, i64 10, i64 10)"   --->   Operation 29 'speclooptripcount' 'empty' <Predicate = true> <Delay = 0.00>
ST_2 : Operation 30 [1/1] (1.30ns)   --->   "%icmp_ln8 = icmp eq i4 %r_0, -6" [my_net/src/my_net.cpp:8]   --->   Operation 30 'icmp' 'icmp_ln8' <Predicate = true> <Delay = 1.30> <Core = "Cmp">   --->   Core 25 'Cmp' <Latency = 0> <II = 1> <Delay = 1.13> <FuncUnit> <Opcode : 'icmp'> <InPorts = 2> <OutPorts = 1>
ST_2 : Operation 31 [1/1] (1.73ns)   --->   "%r = add i4 %r_0, 1" [my_net/src/my_net.cpp:8]   --->   Operation 31 'add' 'r' <Predicate = true> <Delay = 1.73> <Core = "AddSub">   --->   Core 14 'AddSub' <Latency = 0> <II = 1> <Delay = 1.94> <FuncUnit> <Opcode : 'add' 'sub'> <InPorts = 2> <OutPorts = 1>
ST_2 : Operation 32 [1/1] (0.00ns)   --->   "br i1 %icmp_ln8, label %6, label %Row_begin" [my_net/src/my_net.cpp:8]   --->   Operation 32 'br' <Predicate = true> <Delay = 0.00>
ST_2 : Operation 33 [1/1] (0.00ns)   --->   "call void (...)* @_ssdm_op_SpecLoopName([4 x i8]* @p_str) nounwind" [my_net/src/my_net.cpp:9]   --->   Operation 33 'specloopname' <Predicate = (!icmp_ln8)> <Delay = 0.00>
ST_2 : Operation 34 [1/1] (0.00ns)   --->   "%tmp_4 = call i32 (...)* @_ssdm_op_SpecRegionBegin([4 x i8]* @p_str)" [my_net/src/my_net.cpp:9]   --->   Operation 34 'specregionbegin' 'tmp_4' <Predicate = (!icmp_ln8)> <Delay = 0.00>
ST_2 : Operation 35 [1/1] (0.00ns)   --->   "%shl_ln19_3 = call i7 @_ssdm_op_BitConcatenate.i7.i4.i3(i4 %r_0, i3 0)" [my_net/src/my_net.cpp:19]   --->   Operation 35 'bitconcatenate' 'shl_ln19_3' <Predicate = (!icmp_ln8)> <Delay = 0.00>
ST_2 : Operation 36 [1/1] (0.00ns)   --->   "%shl_ln19_4 = call i5 @_ssdm_op_BitConcatenate.i5.i4.i1(i4 %r_0, i1 false)" [my_net/src/my_net.cpp:19]   --->   Operation 36 'bitconcatenate' 'shl_ln19_4' <Predicate = (!icmp_ln8)> <Delay = 0.00>
ST_2 : Operation 37 [1/1] (1.76ns)   --->   "br label %2" [my_net/src/my_net.cpp:11]   --->   Operation 37 'br' <Predicate = (!icmp_ln8)> <Delay = 1.76>
ST_2 : Operation 38 [1/1] (0.00ns)   --->   "ret void" [my_net/src/my_net.cpp:25]   --->   Operation 38 'ret' <Predicate = (icmp_ln8)> <Delay = 0.00>

State 3 <SV = 2> <Delay = 3.65>
ST_3 : Operation 39 [1/1] (0.00ns)   --->   "%c_0 = phi i4 [ 0, %Row_begin ], [ %c, %Column_end ]"   --->   Operation 39 'phi' 'c_0' <Predicate = true> <Delay = 0.00>
ST_3 : Operation 40 [1/1] (0.00ns)   --->   "%zext_ln11 = zext i4 %c_0 to i5" [my_net/src/my_net.cpp:11]   --->   Operation 40 'zext' 'zext_ln11' <Predicate = true> <Delay = 0.00>
ST_3 : Operation 41 [1/1] (1.30ns)   --->   "%icmp_ln11 = icmp eq i4 %c_0, -6" [my_net/src/my_net.cpp:11]   --->   Operation 41 'icmp' 'icmp_ln11' <Predicate = true> <Delay = 1.30> <Core = "Cmp">   --->   Core 25 'Cmp' <Latency = 0> <II = 1> <Delay = 1.13> <FuncUnit> <Opcode : 'icmp'> <InPorts = 2> <OutPorts = 1>
ST_3 : Operation 42 [1/1] (0.00ns)   --->   "%empty_57 = call i32 (...)* @_ssdm_op_SpecLoopTripCount(i64 10, i64 10, i64 10)"   --->   Operation 42 'speclooptripcount' 'empty_57' <Predicate = true> <Delay = 0.00>
ST_3 : Operation 43 [1/1] (1.73ns)   --->   "%c = add i4 %c_0, 1" [my_net/src/my_net.cpp:11]   --->   Operation 43 'add' 'c' <Predicate = true> <Delay = 1.73> <Core = "AddSub">   --->   Core 14 'AddSub' <Latency = 0> <II = 1> <Delay = 1.94> <FuncUnit> <Opcode : 'add' 'sub'> <InPorts = 2> <OutPorts = 1>
ST_3 : Operation 44 [1/1] (0.00ns)   --->   "br i1 %icmp_ln11, label %Row_end, label %Column_begin" [my_net/src/my_net.cpp:11]   --->   Operation 44 'br' <Predicate = true> <Delay = 0.00>
ST_3 : Operation 45 [1/1] (0.00ns)   --->   "call void (...)* @_ssdm_op_SpecLoopName([7 x i8]* @p_str1) nounwind" [my_net/src/my_net.cpp:12]   --->   Operation 45 'specloopname' <Predicate = (!icmp_ln11)> <Delay = 0.00>
ST_3 : Operation 46 [1/1] (0.00ns)   --->   "%tmp_5 = call i32 (...)* @_ssdm_op_SpecRegionBegin([7 x i8]* @p_str1)" [my_net/src/my_net.cpp:12]   --->   Operation 46 'specregionbegin' 'tmp_5' <Predicate = (!icmp_ln11)> <Delay = 0.00>
ST_3 : Operation 47 [1/1] (1.78ns)   --->   "%add_ln19_6 = add i5 %shl_ln19_4, %zext_ln11" [my_net/src/my_net.cpp:19]   --->   Operation 47 'add' 'add_ln19_6' <Predicate = (!icmp_ln11)> <Delay = 1.78> <Core = "AddSub">   --->   Core 14 'AddSub' <Latency = 0> <II = 1> <Delay = 1.94> <FuncUnit> <Opcode : 'add' 'sub'> <InPorts = 2> <OutPorts = 1>
ST_3 : Operation 48 [1/1] (0.00ns)   --->   "%zext_ln19_6 = zext i5 %add_ln19_6 to i7" [my_net/src/my_net.cpp:19]   --->   Operation 48 'zext' 'zext_ln19_6' <Predicate = (!icmp_ln11)> <Delay = 0.00>
ST_3 : Operation 49 [1/1] (1.87ns)   --->   "%add_ln19 = add i7 %zext_ln19_6, %shl_ln19_3" [my_net/src/my_net.cpp:19]   --->   Operation 49 'add' 'add_ln19' <Predicate = (!icmp_ln11)> <Delay = 1.87> <Core = "AddSub">   --->   Core 14 'AddSub' <Latency = 0> <II = 1> <Delay = 1.94> <FuncUnit> <Opcode : 'add' 'sub'> <InPorts = 2> <OutPorts = 1>
ST_3 : Operation 50 [1/1] (0.00ns)   --->   "%zext_ln19_4 = zext i7 %add_ln19 to i64" [my_net/src/my_net.cpp:19]   --->   Operation 50 'zext' 'zext_ln19_4' <Predicate = (!icmp_ln11)> <Delay = 0.00>
ST_3 : Operation 51 [1/1] (0.00ns)   --->   "%output_addr = getelementptr [100 x half]* %output_r, i64 0, i64 %zext_ln19_4" [my_net/src/my_net.cpp:19]   --->   Operation 51 'getelementptr' 'output_addr' <Predicate = (!icmp_ln11)> <Delay = 0.00>
ST_3 : Operation 52 [1/1] (1.76ns)   --->   "br label %3" [my_net/src/my_net.cpp:14]   --->   Operation 52 'br' <Predicate = (!icmp_ln11)> <Delay = 1.76>
ST_3 : Operation 53 [1/1] (0.00ns)   --->   "%empty_62 = call i32 (...)* @_ssdm_op_SpecRegionEnd([4 x i8]* @p_str, i32 %tmp_4)" [my_net/src/my_net.cpp:24]   --->   Operation 53 'specregionend' 'empty_62' <Predicate = (icmp_ln11)> <Delay = 0.00>
ST_3 : Operation 54 [1/1] (0.00ns)   --->   "br label %1" [my_net/src/my_net.cpp:8]   --->   Operation 54 'br' <Predicate = (icmp_ln11)> <Delay = 0.00>

State 4 <SV = 3> <Delay = 3.65>
ST_4 : Operation 55 [1/1] (0.00ns)   --->   "%kr_0 = phi i3 [ 0, %Column_begin ], [ %kr, %Kernel_Row_end ]"   --->   Operation 55 'phi' 'kr_0' <Predicate = true> <Delay = 0.00>
ST_4 : Operation 56 [1/1] (0.00ns)   --->   "%zext_ln14 = zext i3 %kr_0 to i4" [my_net/src/my_net.cpp:14]   --->   Operation 56 'zext' 'zext_ln14' <Predicate = true> <Delay = 0.00>
ST_4 : Operation 57 [1/1] (0.00ns)   --->   "%zext_ln14_1 = zext i3 %kr_0 to i5" [my_net/src/my_net.cpp:14]   --->   Operation 57 'zext' 'zext_ln14_1' <Predicate = true> <Delay = 0.00>
ST_4 : Operation 58 [1/1] (1.13ns)   --->   "%icmp_ln14 = icmp eq i3 %kr_0, -3" [my_net/src/my_net.cpp:14]   --->   Operation 58 'icmp' 'icmp_ln14' <Predicate = true> <Delay = 1.13> <Core = "Cmp">   --->   Core 25 'Cmp' <Latency = 0> <II = 1> <Delay = 1.13> <FuncUnit> <Opcode : 'icmp'> <InPorts = 2> <OutPorts = 1>
ST_4 : Operation 59 [1/1] (0.00ns)   --->   "%empty_58 = call i32 (...)* @_ssdm_op_SpecLoopTripCount(i64 5, i64 5, i64 5)"   --->   Operation 59 'speclooptripcount' 'empty_58' <Predicate = true> <Delay = 0.00>
ST_4 : Operation 60 [1/1] (1.65ns)   --->   "%kr = add i3 %kr_0, 1" [my_net/src/my_net.cpp:14]   --->   Operation 60 'add' 'kr' <Predicate = true> <Delay = 1.65> <Core = "AddSub">   --->   Core 14 'AddSub' <Latency = 0> <II = 1> <Delay = 1.94> <FuncUnit> <Opcode : 'add' 'sub'> <InPorts = 2> <OutPorts = 1>
ST_4 : Operation 61 [1/1] (0.00ns)   --->   "br i1 %icmp_ln14, label %Column_end, label %Kernel_Row_begin" [my_net/src/my_net.cpp:14]   --->   Operation 61 'br' <Predicate = true> <Delay = 0.00>
ST_4 : Operation 62 [1/1] (0.00ns)   --->   "call void (...)* @_ssdm_op_SpecLoopName([11 x i8]* @p_str2) nounwind" [my_net/src/my_net.cpp:15]   --->   Operation 62 'specloopname' <Predicate = (!icmp_ln14)> <Delay = 0.00>
ST_4 : Operation 63 [1/1] (0.00ns)   --->   "%tmp_6 = call i32 (...)* @_ssdm_op_SpecRegionBegin([11 x i8]* @p_str2)" [my_net/src/my_net.cpp:15]   --->   Operation 63 'specregionbegin' 'tmp_6' <Predicate = (!icmp_ln14)> <Delay = 0.00>
ST_4 : Operation 64 [1/1] (1.73ns)   --->   "%add_ln19_1 = add i4 %r_0, %zext_ln14" [my_net/src/my_net.cpp:19]   --->   Operation 64 'add' 'add_ln19_1' <Predicate = (!icmp_ln14)> <Delay = 1.73> <Core = "AddSub">   --->   Core 14 'AddSub' <Latency = 0> <II = 1> <Delay = 1.94> <FuncUnit> <Opcode : 'add' 'sub'> <InPorts = 2> <OutPorts = 1>
ST_4 : Operation 65 [1/1] (0.00ns)   --->   "%shl_ln19_5 = call i8 @_ssdm_op_BitConcatenate.i8.i4.i4(i4 %add_ln19_1, i4 0)" [my_net/src/my_net.cpp:19]   --->   Operation 65 'bitconcatenate' 'shl_ln19_5' <Predicate = (!icmp_ln14)> <Delay = 0.00>
ST_4 : Operation 66 [1/1] (0.00ns)   --->   "%zext_ln19_8 = zext i8 %shl_ln19_5 to i9" [my_net/src/my_net.cpp:19]   --->   Operation 66 'zext' 'zext_ln19_8' <Predicate = (!icmp_ln14)> <Delay = 0.00>
ST_4 : Operation 67 [1/1] (0.00ns)   --->   "%shl_ln19_6 = call i5 @_ssdm_op_BitConcatenate.i5.i4.i1(i4 %add_ln19_1, i1 false)" [my_net/src/my_net.cpp:19]   --->   Operation 67 'bitconcatenate' 'shl_ln19_6' <Predicate = (!icmp_ln14)> <Delay = 0.00>
ST_4 : Operation 68 [1/1] (0.00ns)   --->   "%zext_ln19_9 = zext i5 %shl_ln19_6 to i9" [my_net/src/my_net.cpp:19]   --->   Operation 68 'zext' 'zext_ln19_9' <Predicate = (!icmp_ln14)> <Delay = 0.00>
ST_4 : Operation 69 [1/1] (1.91ns)   --->   "%sub_ln19 = sub i9 %zext_ln19_8, %zext_ln19_9" [my_net/src/my_net.cpp:19]   --->   Operation 69 'sub' 'sub_ln19' <Predicate = (!icmp_ln14)> <Delay = 1.91> <Core = "AddSub">   --->   Core 14 'AddSub' <Latency = 0> <II = 1> <Delay = 1.94> <FuncUnit> <Opcode : 'add' 'sub'> <InPorts = 2> <OutPorts = 1>
ST_4 : Operation 70 [1/1] (0.00ns)   --->   "%shl_ln = call i5 @_ssdm_op_BitConcatenate.i5.i3.i2(i3 %kr_0, i2 0)" [my_net/src/my_net.cpp:19]   --->   Operation 70 'bitconcatenate' 'shl_ln' <Predicate = (!icmp_ln14)> <Delay = 0.00>
ST_4 : Operation 71 [1/1] (1.76ns)   --->   "br label %4" [my_net/src/my_net.cpp:17]   --->   Operation 71 'br' <Predicate = (!icmp_ln14)> <Delay = 1.76>
ST_4 : Operation 72 [1/1] (0.00ns)   --->   "%empty_61 = call i32 (...)* @_ssdm_op_SpecRegionEnd([7 x i8]* @p_str1, i32 %tmp_5)" [my_net/src/my_net.cpp:22]   --->   Operation 72 'specregionend' 'empty_61' <Predicate = (icmp_ln14)> <Delay = 0.00>
ST_4 : Operation 73 [1/1] (0.00ns)   --->   "br label %2" [my_net/src/my_net.cpp:11]   --->   Operation 73 'br' <Predicate = (icmp_ln14)> <Delay = 0.00>

State 5 <SV = 4> <Delay = 8.60>
ST_5 : Operation 74 [1/1] (0.00ns)   --->   "%kc_0 = phi i3 [ 0, %Kernel_Row_begin ], [ %kc, %5 ]"   --->   Operation 74 'phi' 'kc_0' <Predicate = true> <Delay = 0.00>
ST_5 : Operation 75 [1/1] (0.00ns)   --->   "%zext_ln17 = zext i3 %kc_0 to i5" [my_net/src/my_net.cpp:17]   --->   Operation 75 'zext' 'zext_ln17' <Predicate = true> <Delay = 0.00>
ST_5 : Operation 76 [1/1] (0.00ns)   --->   "%zext_ln17_1 = zext i3 %kc_0 to i4" [my_net/src/my_net.cpp:17]   --->   Operation 76 'zext' 'zext_ln17_1' <Predicate = true> <Delay = 0.00>
ST_5 : Operation 77 [1/1] (1.13ns)   --->   "%icmp_ln17 = icmp eq i3 %kc_0, -3" [my_net/src/my_net.cpp:17]   --->   Operation 77 'icmp' 'icmp_ln17' <Predicate = true> <Delay = 1.13> <Core = "Cmp">   --->   Core 25 'Cmp' <Latency = 0> <II = 1> <Delay = 1.13> <FuncUnit> <Opcode : 'icmp'> <InPorts = 2> <OutPorts = 1>
ST_5 : Operation 78 [1/1] (0.00ns)   --->   "%empty_59 = call i32 (...)* @_ssdm_op_SpecLoopTripCount(i64 5, i64 5, i64 5)"   --->   Operation 78 'speclooptripcount' 'empty_59' <Predicate = true> <Delay = 0.00>
ST_5 : Operation 79 [1/1] (1.65ns)   --->   "%kc = add i3 %kc_0, 1" [my_net/src/my_net.cpp:17]   --->   Operation 79 'add' 'kc' <Predicate = true> <Delay = 1.65> <Core = "AddSub">   --->   Core 14 'AddSub' <Latency = 0> <II = 1> <Delay = 1.94> <FuncUnit> <Opcode : 'add' 'sub'> <InPorts = 2> <OutPorts = 1>
ST_5 : Operation 80 [1/1] (0.00ns)   --->   "br i1 %icmp_ln17, label %Kernel_Row_end, label %5" [my_net/src/my_net.cpp:17]   --->   Operation 80 'br' <Predicate = true> <Delay = 0.00>
ST_5 : Operation 81 [1/1] (1.73ns)   --->   "%add_ln19_7 = add i4 %c_0, %zext_ln17_1" [my_net/src/my_net.cpp:19]   --->   Operation 81 'add' 'add_ln19_7' <Predicate = (!icmp_ln17)> <Delay = 1.73> <Core = "AddSub">   --->   Core 14 'AddSub' <Latency = 0> <II = 1> <Delay = 1.94> <FuncUnit> <Opcode : 'add' 'sub'> <InPorts = 2> <OutPorts = 1>
ST_5 : Operation 82 [1/1] (0.00ns)   --->   "%zext_ln19_10 = zext i4 %add_ln19_7 to i9" [my_net/src/my_net.cpp:19]   --->   Operation 82 'zext' 'zext_ln19_10' <Predicate = (!icmp_ln17)> <Delay = 0.00>
ST_5 : Operation 83 [1/1] (1.82ns)   --->   "%add_ln19_3 = add i9 %zext_ln19_10, %sub_ln19" [my_net/src/my_net.cpp:19]   --->   Operation 83 'add' 'add_ln19_3' <Predicate = (!icmp_ln17)> <Delay = 1.82> <Core = "AddSub">   --->   Core 14 'AddSub' <Latency = 0> <II = 1> <Delay = 1.94> <FuncUnit> <Opcode : 'add' 'sub'> <InPorts = 2> <OutPorts = 1>
ST_5 : Operation 84 [1/1] (0.00ns)   --->   "%sext_ln19 = sext i9 %add_ln19_3 to i13" [my_net/src/my_net.cpp:19]   --->   Operation 84 'sext' 'sext_ln19' <Predicate = (!icmp_ln17)> <Delay = 0.00>
ST_5 : Operation 85 [1/1] (1.67ns)   --->   "%add_ln19_10 = add i13 %sext_ln19, %mul_ln19_1" [my_net/src/my_net.cpp:19]   --->   Operation 85 'add' 'add_ln19_10' <Predicate = (!icmp_ln17)> <Delay = 1.67> <Core = "AddSub">   --->   Core 14 'AddSub' <Latency = 0> <II = 1> <Delay = 1.94> <FuncUnit> <Opcode : 'add' 'sub'> <InPorts = 2> <OutPorts = 1>
ST_5 : Operation 86 [1/1] (0.00ns)   --->   "%sext_ln19_4 = sext i13 %add_ln19_10 to i64" [my_net/src/my_net.cpp:19]   --->   Operation 86 'sext' 'sext_ln19_4' <Predicate = (!icmp_ln17)> <Delay = 0.00>
ST_5 : Operation 87 [1/1] (0.00ns)   --->   "%input_addr = getelementptr [3136 x half]* %input_r, i64 0, i64 %sext_ln19_4" [my_net/src/my_net.cpp:19]   --->   Operation 87 'getelementptr' 'input_addr' <Predicate = (!icmp_ln17)> <Delay = 0.00>
ST_5 : Operation 88 [2/2] (3.25ns)   --->   "%input_load = load half* %input_addr, align 2" [my_net/src/my_net.cpp:19]   --->   Operation 88 'load' 'input_load' <Predicate = (!icmp_ln17)> <Delay = 3.25> <Core = "RAM">   --->   Core 37 'RAM' <Latency = 1> <II = 1> <Delay = 3.25> <Storage> <Opcode : 'load' 'store'> <Ports = 2> <Width = 16> <Depth = 100> <RAM>
ST_5 : Operation 89 [1/1] (0.00ns) (grouped into TernaryAdder)   --->   "%add_ln19_8 = add i5 %shl_ln, %zext_ln17" [my_net/src/my_net.cpp:19]   --->   Operation 89 'add' 'add_ln19_8' <Predicate = (!icmp_ln17)> <Delay = 0.00> <Core = "TAddSub">   --->   Core 83 'TAddSub' <Latency = 0> <II = 1> <Delay = 1.70> <IPBlock> <Opcode : 'add' 'sub'> <InPorts = 3> <OutPorts = 1> <Sync> <CReg>
ST_5 : Operation 90 [1/1] (3.40ns) (root node of TernaryAdder)   --->   "%add_ln19_4 = add i5 %add_ln19_8, %zext_ln14_1" [my_net/src/my_net.cpp:19]   --->   Operation 90 'add' 'add_ln19_4' <Predicate = (!icmp_ln17)> <Delay = 3.40> <Core = "TAddSub">   --->   Core 83 'TAddSub' <Latency = 0> <II = 1> <Delay = 1.70> <IPBlock> <Opcode : 'add' 'sub'> <InPorts = 3> <OutPorts = 1> <Sync> <CReg>
ST_5 : Operation 91 [1/1] (0.00ns)   --->   "%zext_ln19_12 = zext i5 %add_ln19_4 to i15" [my_net/src/my_net.cpp:19]   --->   Operation 91 'zext' 'zext_ln19_12' <Predicate = (!icmp_ln17)> <Delay = 0.00>
ST_5 : Operation 92 [1/1] (1.94ns)   --->   "%add_ln19_11 = add i15 %zext_ln19_12, %mul_ln19" [my_net/src/my_net.cpp:19]   --->   Operation 92 'add' 'add_ln19_11' <Predicate = (!icmp_ln17)> <Delay = 1.94> <Core = "AddSub">   --->   Core 14 'AddSub' <Latency = 0> <II = 1> <Delay = 1.94> <FuncUnit> <Opcode : 'add' 'sub'> <InPorts = 2> <OutPorts = 1>
ST_5 : Operation 93 [1/1] (0.00ns)   --->   "%sext_ln19_5 = sext i15 %add_ln19_11 to i64" [my_net/src/my_net.cpp:19]   --->   Operation 93 'sext' 'sext_ln19_5' <Predicate = (!icmp_ln17)> <Delay = 0.00>
ST_5 : Operation 94 [1/1] (0.00ns)   --->   "%conv2_weight_addr = getelementptr [12800 x half]* @conv2_weight, i64 0, i64 %sext_ln19_5" [my_net/src/my_net.cpp:19]   --->   Operation 94 'getelementptr' 'conv2_weight_addr' <Predicate = (!icmp_ln17)> <Delay = 0.00>
ST_5 : Operation 95 [2/2] (3.25ns)   --->   "%conv2_weight_load = load half* %conv2_weight_addr, align 2" [my_net/src/my_net.cpp:19]   --->   Operation 95 'load' 'conv2_weight_load' <Predicate = (!icmp_ln17)> <Delay = 3.25> <Core = "ROM_nP">   --->   Core 52 'ROM_nP' <Latency = 1> <II = 1> <Delay = 3.25> <Storage> <Opcode : 'load'> <Ports = 0> <Width = 16> <Depth = 12800> <ROM>
ST_5 : Operation 96 [1/1] (0.00ns)   --->   "%empty_60 = call i32 (...)* @_ssdm_op_SpecRegionEnd([11 x i8]* @p_str2, i32 %tmp_6)" [my_net/src/my_net.cpp:21]   --->   Operation 96 'specregionend' 'empty_60' <Predicate = (icmp_ln17)> <Delay = 0.00>
ST_5 : Operation 97 [1/1] (0.00ns)   --->   "br label %3" [my_net/src/my_net.cpp:14]   --->   Operation 97 'br' <Predicate = (icmp_ln17)> <Delay = 0.00>

State 6 <SV = 5> <Delay = 3.25>
ST_6 : Operation 98 [1/2] (3.25ns)   --->   "%input_load = load half* %input_addr, align 2" [my_net/src/my_net.cpp:19]   --->   Operation 98 'load' 'input_load' <Predicate = true> <Delay = 3.25> <Core = "RAM">   --->   Core 37 'RAM' <Latency = 1> <II = 1> <Delay = 3.25> <Storage> <Opcode : 'load' 'store'> <Ports = 2> <Width = 16> <Depth = 100> <RAM>
ST_6 : Operation 99 [1/2] (3.25ns)   --->   "%conv2_weight_load = load half* %conv2_weight_addr, align 2" [my_net/src/my_net.cpp:19]   --->   Operation 99 'load' 'conv2_weight_load' <Predicate = true> <Delay = 3.25> <Core = "ROM_nP">   --->   Core 52 'ROM_nP' <Latency = 1> <II = 1> <Delay = 3.25> <Storage> <Opcode : 'load'> <Ports = 0> <Width = 16> <Depth = 12800> <ROM>

State 7 <SV = 6> <Delay = 6.86>
ST_7 : Operation 100 [4/4] (6.86ns)   --->   "%tmp = fmul half %input_load, %conv2_weight_load" [my_net/src/my_net.cpp:19]   --->   Operation 100 'hmul' 'tmp' <Predicate = true> <Delay = 6.86> <Core = "HMul">   --->   Core 91 'HMul' <Latency = 3> <II = 1> <Delay = 6.86> <FuncUnit> <Opcode : 'hmul'> <InPorts = 2> <OutPorts = 1>

State 8 <SV = 7> <Delay = 6.86>
ST_8 : Operation 101 [3/4] (6.86ns)   --->   "%tmp = fmul half %input_load, %conv2_weight_load" [my_net/src/my_net.cpp:19]   --->   Operation 101 'hmul' 'tmp' <Predicate = true> <Delay = 6.86> <Core = "HMul">   --->   Core 91 'HMul' <Latency = 3> <II = 1> <Delay = 6.86> <FuncUnit> <Opcode : 'hmul'> <InPorts = 2> <OutPorts = 1>

State 9 <SV = 8> <Delay = 6.86>
ST_9 : Operation 102 [2/4] (6.86ns)   --->   "%tmp = fmul half %input_load, %conv2_weight_load" [my_net/src/my_net.cpp:19]   --->   Operation 102 'hmul' 'tmp' <Predicate = true> <Delay = 6.86> <Core = "HMul">   --->   Core 91 'HMul' <Latency = 3> <II = 1> <Delay = 6.86> <FuncUnit> <Opcode : 'hmul'> <InPorts = 2> <OutPorts = 1>
ST_9 : Operation 103 [2/2] (3.25ns)   --->   "%output_load = load half* %output_addr, align 2" [my_net/src/my_net.cpp:19]   --->   Operation 103 'load' 'output_load' <Predicate = true> <Delay = 3.25> <Core = "RAM">   --->   Core 37 'RAM' <Latency = 1> <II = 1> <Delay = 3.25> <Storage> <Opcode : 'load' 'store'> <Ports = 2> <Width = 16> <Depth = 100> <RAM>

State 10 <SV = 9> <Delay = 6.86>
ST_10 : Operation 104 [1/4] (6.86ns)   --->   "%tmp = fmul half %input_load, %conv2_weight_load" [my_net/src/my_net.cpp:19]   --->   Operation 104 'hmul' 'tmp' <Predicate = true> <Delay = 6.86> <Core = "HMul">   --->   Core 91 'HMul' <Latency = 3> <II = 1> <Delay = 6.86> <FuncUnit> <Opcode : 'hmul'> <InPorts = 2> <OutPorts = 1>
ST_10 : Operation 105 [1/2] (3.25ns)   --->   "%output_load = load half* %output_addr, align 2" [my_net/src/my_net.cpp:19]   --->   Operation 105 'load' 'output_load' <Predicate = true> <Delay = 3.25> <Core = "RAM">   --->   Core 37 'RAM' <Latency = 1> <II = 1> <Delay = 3.25> <Storage> <Opcode : 'load' 'store'> <Ports = 2> <Width = 16> <Depth = 100> <RAM>

State 11 <SV = 10> <Delay = 7.61>
ST_11 : Operation 106 [5/5] (7.61ns)   --->   "%tmp_s = fadd half %output_load, %tmp" [my_net/src/my_net.cpp:19]   --->   Operation 106 'hadd' 'tmp_s' <Predicate = true> <Delay = 7.61> <Core = "HAddSub">   --->   Core 90 'HAddSub' <Latency = 4> <II = 1> <Delay = 7.61> <FuncUnit> <Opcode : 'hadd' 'hsub'> <InPorts = 2> <OutPorts = 1>

State 12 <SV = 11> <Delay = 7.61>
ST_12 : Operation 107 [4/5] (7.61ns)   --->   "%tmp_s = fadd half %output_load, %tmp" [my_net/src/my_net.cpp:19]   --->   Operation 107 'hadd' 'tmp_s' <Predicate = true> <Delay = 7.61> <Core = "HAddSub">   --->   Core 90 'HAddSub' <Latency = 4> <II = 1> <Delay = 7.61> <FuncUnit> <Opcode : 'hadd' 'hsub'> <InPorts = 2> <OutPorts = 1>

State 13 <SV = 12> <Delay = 7.61>
ST_13 : Operation 108 [3/5] (7.61ns)   --->   "%tmp_s = fadd half %output_load, %tmp" [my_net/src/my_net.cpp:19]   --->   Operation 108 'hadd' 'tmp_s' <Predicate = true> <Delay = 7.61> <Core = "HAddSub">   --->   Core 90 'HAddSub' <Latency = 4> <II = 1> <Delay = 7.61> <FuncUnit> <Opcode : 'hadd' 'hsub'> <InPorts = 2> <OutPorts = 1>

State 14 <SV = 13> <Delay = 7.61>
ST_14 : Operation 109 [2/5] (7.61ns)   --->   "%tmp_s = fadd half %output_load, %tmp" [my_net/src/my_net.cpp:19]   --->   Operation 109 'hadd' 'tmp_s' <Predicate = true> <Delay = 7.61> <Core = "HAddSub">   --->   Core 90 'HAddSub' <Latency = 4> <II = 1> <Delay = 7.61> <FuncUnit> <Opcode : 'hadd' 'hsub'> <InPorts = 2> <OutPorts = 1>

State 15 <SV = 14> <Delay = 7.61>
ST_15 : Operation 110 [1/5] (7.61ns)   --->   "%tmp_s = fadd half %output_load, %tmp" [my_net/src/my_net.cpp:19]   --->   Operation 110 'hadd' 'tmp_s' <Predicate = true> <Delay = 7.61> <Core = "HAddSub">   --->   Core 90 'HAddSub' <Latency = 4> <II = 1> <Delay = 7.61> <FuncUnit> <Opcode : 'hadd' 'hsub'> <InPorts = 2> <OutPorts = 1>

State 16 <SV = 15> <Delay = 3.25>
ST_16 : Operation 111 [1/1] (0.00ns)   --->   "call void (...)* @_ssdm_op_SpecLoopName([14 x i8]* @p_str3) nounwind" [my_net/src/my_net.cpp:18]   --->   Operation 111 'specloopname' <Predicate = true> <Delay = 0.00>
ST_16 : Operation 112 [1/1] (3.25ns)   --->   "store half %tmp_s, half* %output_addr, align 2" [my_net/src/my_net.cpp:19]   --->   Operation 112 'store' <Predicate = true> <Delay = 3.25> <Core = "RAM">   --->   Core 37 'RAM' <Latency = 1> <II = 1> <Delay = 3.25> <Storage> <Opcode : 'load' 'store'> <Ports = 2> <Width = 16> <Depth = 100> <RAM>
ST_16 : Operation 113 [1/1] (0.00ns)   --->   "br label %4" [my_net/src/my_net.cpp:17]   --->   Operation 113 'br' <Predicate = true> <Delay = 0.00>


============================================================
+ Verbose Summary: Timing violations
============================================================
Target clock period: 10ns, clock uncertainty: 1.25ns.

 <State 1>: 6.38ns
The critical path consists of the following:
	wire read on port 'weight_offset' (my_net/src/my_net.cpp:19) [6]  (0 ns)
	'add' operation of DSP[14] ('add_ln19_9', my_net/src/my_net.cpp:19) [12]  (0 ns)
	'mul' operation of DSP[14] ('mul_ln19', my_net/src/my_net.cpp:19) [14]  (6.38 ns)

 <State 2>: 1.77ns
The critical path consists of the following:
	multiplexor before 'phi' operation ('c') with incoming values : ('c', my_net/src/my_net.cpp:11) [30]  (1.77 ns)

 <State 3>: 3.65ns
The critical path consists of the following:
	'phi' operation ('c') with incoming values : ('c', my_net/src/my_net.cpp:11) [30]  (0 ns)
	'add' operation ('add_ln19_6', my_net/src/my_net.cpp:19) [39]  (1.78 ns)
	'add' operation ('add_ln19', my_net/src/my_net.cpp:19) [41]  (1.87 ns)

 <State 4>: 3.65ns
The critical path consists of the following:
	'phi' operation ('kr') with incoming values : ('kr', my_net/src/my_net.cpp:14) [46]  (0 ns)
	'add' operation ('add_ln19_1', my_net/src/my_net.cpp:19) [56]  (1.74 ns)
	'sub' operation ('sub_ln19', my_net/src/my_net.cpp:19) [61]  (1.92 ns)

 <State 5>: 8.6ns
The critical path consists of the following:
	'phi' operation ('kc') with incoming values : ('kc', my_net/src/my_net.cpp:17) [65]  (0 ns)
	'add' operation ('add_ln19_8', my_net/src/my_net.cpp:19) [82]  (0 ns)
	'add' operation ('add_ln19_4', my_net/src/my_net.cpp:19) [83]  (3.4 ns)
	'add' operation ('add_ln19_11', my_net/src/my_net.cpp:19) [85]  (1.94 ns)
	'getelementptr' operation ('conv2_weight_addr', my_net/src/my_net.cpp:19) [87]  (0 ns)
	'load' operation ('conv2_weight_load', my_net/src/my_net.cpp:19) on array 'conv2_weight' [88]  (3.25 ns)

 <State 6>: 3.25ns
The critical path consists of the following:
	'load' operation ('input_load', my_net/src/my_net.cpp:19) on array 'input_r' [81]  (3.25 ns)

 <State 7>: 6.87ns
The critical path consists of the following:
	'hmul' operation ('tmp', my_net/src/my_net.cpp:19) [89]  (6.87 ns)

 <State 8>: 6.87ns
The critical path consists of the following:
	'hmul' operation ('tmp', my_net/src/my_net.cpp:19) [89]  (6.87 ns)

 <State 9>: 6.87ns
The critical path consists of the following:
	'hmul' operation ('tmp', my_net/src/my_net.cpp:19) [89]  (6.87 ns)

 <State 10>: 6.87ns
The critical path consists of the following:
	'hmul' operation ('tmp', my_net/src/my_net.cpp:19) [89]  (6.87 ns)

 <State 11>: 7.61ns
The critical path consists of the following:
	'hadd' operation ('tmp_s', my_net/src/my_net.cpp:19) [91]  (7.61 ns)

 <State 12>: 7.61ns
The critical path consists of the following:
	'hadd' operation ('tmp_s', my_net/src/my_net.cpp:19) [91]  (7.61 ns)

 <State 13>: 7.61ns
The critical path consists of the following:
	'hadd' operation ('tmp_s', my_net/src/my_net.cpp:19) [91]  (7.61 ns)

 <State 14>: 7.61ns
The critical path consists of the following:
	'hadd' operation ('tmp_s', my_net/src/my_net.cpp:19) [91]  (7.61 ns)

 <State 15>: 7.61ns
The critical path consists of the following:
	'hadd' operation ('tmp_s', my_net/src/my_net.cpp:19) [91]  (7.61 ns)

 <State 16>: 3.25ns
The critical path consists of the following:
	'store' operation ('store_ln19', my_net/src/my_net.cpp:19) of variable 'tmp_s', my_net/src/my_net.cpp:19 on array 'output_r' [92]  (3.25 ns)


============================================================
+ Verbose Summary: Binding
============================================================
N/A
* FSMD analyzer results:
  - Output states:
 - Input state : 
  - Chain level:
	State 1
	State 2
	State 3
	State 4
	State 5
	State 6
	State 7
	State 8
	State 9
	State 10
	State 11
	State 12
	State 13
	State 14
	State 15
	State 16


============================================================
+ Verbose Summary: Datapath Resource usage 
============================================================
N/A
