22:14:58 INFO  : Registering command handlers for SDK TCF services
22:14:59 INFO  : Launching XSCT server: xsct.bat -interactive C:\Users\Administrator\Desktop\lenet\LENET_SDK\my_net\my_net.sdk\temp_xsdb_launch_script.tcl
22:15:01 INFO  : XSCT server has started successfully.
22:15:01 INFO  : Successfully done setting XSCT server connection channel  
22:15:01 INFO  : Successfully done setting SDK workspace  
22:15:01 INFO  : Processing command line option -hwspec C:/Users/Administrator/Desktop/lenet/LENET_SDK/my_net/my_net.sdk/design_1_wrapper.hdf.
22:15:46 ERROR : Failed to closesw "C:/Users/Administrator/Desktop/lenet/LENET_SDK/my_net/my_net.sdk/lenet_bsp/system.mss"
Reason: Cannot close sw design 'C:/Users/Administrator/Desktop/lenet/LENET_SDK/my_net/my_net.sdk/lenet_bsp/system.mss'.
Design is not opened in the current session.


22:17:07 INFO  : Refreshed build settings on project sd
22:17:55 INFO  : Connected to target on host '127.0.0.1' and port '3121'.
22:17:57 INFO  : Jtag cable 'Digilent Zed 210248A39B88' is selected.
22:17:57 INFO  : 'jtag frequency' command is executed.
22:17:57 INFO  : Sourcing of 'C:/Users/Administrator/Desktop/lenet/LENET_SDK/my_net/my_net.sdk/design_1_wrapper_hw_platform_0/ps7_init.tcl' is done.
22:17:57 INFO  : Context for 'APU' is selected.
22:17:57 INFO  : System reset is completed.
22:18:00 INFO  : 'after 3000' command is executed.
22:18:00 INFO  : 'targets -set -filter {jtag_cable_name =~ "Digilent Zed 210248A39B88" && level==0} -index 1' command is executed.
22:18:02 INFO  : FPGA configured successfully with bitstream "C:/Users/Administrator/Desktop/lenet/LENET_SDK/my_net/my_net.sdk/design_1_wrapper_hw_platform_0/design_1_wrapper.bit"
22:18:02 INFO  : Context for 'APU' is selected.
22:18:02 INFO  : Hardware design information is loaded from 'C:/Users/Administrator/Desktop/lenet/LENET_SDK/my_net/my_net.sdk/design_1_wrapper_hw_platform_0/system.hdf'.
22:18:02 INFO  : 'configparams force-mem-access 1' command is executed.
22:18:02 INFO  : Context for 'APU' is selected.
22:18:03 INFO  : 'ps7_init' command is executed.
22:18:03 INFO  : 'ps7_post_config' command is executed.
22:18:03 INFO  : Context for processor 'ps7_cortexa9_0' is selected.
22:18:03 INFO  : The application 'C:/Users/Administrator/Desktop/lenet/LENET_SDK/my_net/my_net.sdk/sd/Debug/sd.elf' is downloaded to processor 'ps7_cortexa9_0'.
22:18:03 INFO  : 'configparams force-mem-access 0' command is executed.
22:18:03 INFO  : ----------------XSDB Script----------------
connect -url tcp:127.0.0.1:3121
source C:/Users/Administrator/Desktop/lenet/LENET_SDK/my_net/my_net.sdk/design_1_wrapper_hw_platform_0/ps7_init.tcl
targets -set -nocase -filter {name =~"APU*" && jtag_cable_name =~ "Digilent Zed 210248A39B88"} -index 0
rst -system
after 3000
targets -set -filter {jtag_cable_name =~ "Digilent Zed 210248A39B88" && level==0} -index 1
fpga -file C:/Users/Administrator/Desktop/lenet/LENET_SDK/my_net/my_net.sdk/design_1_wrapper_hw_platform_0/design_1_wrapper.bit
targets -set -nocase -filter {name =~"APU*" && jtag_cable_name =~ "Digilent Zed 210248A39B88"} -index 0
loadhw -hw C:/Users/Administrator/Desktop/lenet/LENET_SDK/my_net/my_net.sdk/design_1_wrapper_hw_platform_0/system.hdf -mem-ranges [list {0x40000000 0xbfffffff}]
configparams force-mem-access 1
targets -set -nocase -filter {name =~"APU*" && jtag_cable_name =~ "Digilent Zed 210248A39B88"} -index 0
ps7_init
ps7_post_config
targets -set -nocase -filter {name =~ "ARM*#0" && jtag_cable_name =~ "Digilent Zed 210248A39B88"} -index 0
dow C:/Users/Administrator/Desktop/lenet/LENET_SDK/my_net/my_net.sdk/sd/Debug/sd.elf
configparams force-mem-access 0
----------------End of Script----------------

22:18:03 INFO  : Memory regions updated for context APU
22:18:03 INFO  : Context for processor 'ps7_cortexa9_0' is selected.
22:18:03 INFO  : 'con' command is executed.
22:18:03 INFO  : ----------------XSDB Script (After Launch)----------------
targets -set -nocase -filter {name =~ "ARM*#0" && jtag_cable_name =~ "Digilent Zed 210248A39B88"} -index 0
con
----------------End of Script----------------

22:18:03 INFO  : Launch script is exported to file 'C:\Users\Administrator\Desktop\lenet\LENET_SDK\my_net\my_net.sdk\.sdk\launch_scripts\xilinx_c-c++_application_(system_debugger)\system_debugger_using_debug_sd.elf_on_local.tcl'
22:19:40 INFO  : Disconnected from the channel tcfchan#1.
22:19:41 INFO  : Connected to target on host '127.0.0.1' and port '3121'.
22:19:41 INFO  : Jtag cable 'Digilent Zed 210248A39B88' is selected.
22:19:41 INFO  : 'jtag frequency' command is executed.
22:19:41 INFO  : Sourcing of 'C:/Users/Administrator/Desktop/lenet/LENET_SDK/my_net/my_net.sdk/design_1_wrapper_hw_platform_0/ps7_init.tcl' is done.
22:19:41 INFO  : Context for 'APU' is selected.
22:19:42 INFO  : System reset is completed.
22:19:45 INFO  : 'after 3000' command is executed.
22:19:45 INFO  : 'targets -set -filter {jtag_cable_name =~ "Digilent Zed 210248A39B88" && level==0} -index 1' command is executed.
22:19:47 INFO  : FPGA configured successfully with bitstream "C:/Users/Administrator/Desktop/lenet/LENET_SDK/my_net/my_net.sdk/design_1_wrapper_hw_platform_0/design_1_wrapper.bit"
22:19:47 INFO  : Context for 'APU' is selected.
22:19:49 INFO  : Hardware design information is loaded from 'C:/Users/Administrator/Desktop/lenet/LENET_SDK/my_net/my_net.sdk/design_1_wrapper_hw_platform_0/system.hdf'.
22:19:49 INFO  : 'configparams force-mem-access 1' command is executed.
22:19:49 INFO  : Context for 'APU' is selected.
22:19:49 INFO  : 'ps7_init' command is executed.
22:19:49 INFO  : 'ps7_post_config' command is executed.
22:19:49 INFO  : Context for processor 'ps7_cortexa9_0' is selected.
22:19:49 INFO  : The application 'C:/Users/Administrator/Desktop/lenet/LENET_SDK/my_net/my_net.sdk/sd/Debug/sd.elf' is downloaded to processor 'ps7_cortexa9_0'.
22:19:49 INFO  : 'configparams force-mem-access 0' command is executed.
22:19:49 INFO  : ----------------XSDB Script----------------
connect -url tcp:127.0.0.1:3121
source C:/Users/Administrator/Desktop/lenet/LENET_SDK/my_net/my_net.sdk/design_1_wrapper_hw_platform_0/ps7_init.tcl
targets -set -nocase -filter {name =~"APU*" && jtag_cable_name =~ "Digilent Zed 210248A39B88"} -index 0
rst -system
after 3000
targets -set -filter {jtag_cable_name =~ "Digilent Zed 210248A39B88" && level==0} -index 1
fpga -file C:/Users/Administrator/Desktop/lenet/LENET_SDK/my_net/my_net.sdk/design_1_wrapper_hw_platform_0/design_1_wrapper.bit
targets -set -nocase -filter {name =~"APU*" && jtag_cable_name =~ "Digilent Zed 210248A39B88"} -index 0
loadhw -hw C:/Users/Administrator/Desktop/lenet/LENET_SDK/my_net/my_net.sdk/design_1_wrapper_hw_platform_0/system.hdf -mem-ranges [list {0x40000000 0xbfffffff}]
configparams force-mem-access 1
targets -set -nocase -filter {name =~"APU*" && jtag_cable_name =~ "Digilent Zed 210248A39B88"} -index 0
ps7_init
ps7_post_config
targets -set -nocase -filter {name =~ "ARM*#0" && jtag_cable_name =~ "Digilent Zed 210248A39B88"} -index 0
dow C:/Users/Administrator/Desktop/lenet/LENET_SDK/my_net/my_net.sdk/sd/Debug/sd.elf
configparams force-mem-access 0
----------------End of Script----------------

22:19:49 INFO  : Memory regions updated for context APU
22:19:50 INFO  : Context for processor 'ps7_cortexa9_0' is selected.
22:19:50 INFO  : 'con' command is executed.
22:19:50 INFO  : ----------------XSDB Script (After Launch)----------------
targets -set -nocase -filter {name =~ "ARM*#0" && jtag_cable_name =~ "Digilent Zed 210248A39B88"} -index 0
con
----------------End of Script----------------

22:19:50 INFO  : Launch script is exported to file 'C:\Users\Administrator\Desktop\lenet\LENET_SDK\my_net\my_net.sdk\.sdk\launch_scripts\xilinx_c-c++_application_(system_debugger)\system_debugger_using_debug_sd.elf_on_local.tcl'
22:22:55 INFO  : Disconnected from the channel tcfchan#2.
22:22:56 INFO  : 'targets -set -filter {jtag_cable_name =~ "Digilent Zed 210248A39B88" && level==0} -index 1' command is executed.
22:22:56 INFO  : 'fpga -state' command is executed.
22:22:56 INFO  : Connected to target on host '127.0.0.1' and port '3121'.
22:22:56 INFO  : Jtag cable 'Digilent Zed 210248A39B88' is selected.
22:22:56 INFO  : 'jtag frequency' command is executed.
22:22:56 INFO  : Sourcing of 'C:/Users/Administrator/Desktop/lenet/LENET_SDK/my_net/my_net.sdk/design_1_wrapper_hw_platform_0/ps7_init.tcl' is done.
22:22:56 INFO  : Context for 'APU' is selected.
22:22:58 INFO  : Hardware design information is loaded from 'C:/Users/Administrator/Desktop/lenet/LENET_SDK/my_net/my_net.sdk/design_1_wrapper_hw_platform_0/system.hdf'.
22:22:58 INFO  : 'configparams force-mem-access 1' command is executed.
22:22:58 INFO  : Context for 'APU' is selected.
22:22:58 INFO  : 'stop' command is executed.
22:22:58 INFO  : 'ps7_init' command is executed.
22:22:58 INFO  : 'ps7_post_config' command is executed.
22:22:58 INFO  : Context for processor 'ps7_cortexa9_0' is selected.
22:22:58 INFO  : Processor reset is completed for 'ps7_cortexa9_0'.
22:22:58 INFO  : Context for processor 'ps7_cortexa9_0' is selected.
22:22:58 INFO  : The application 'C:/Users/Administrator/Desktop/lenet/LENET_SDK/my_net/my_net.sdk/lenet/Debug/lenet.elf' is downloaded to processor 'ps7_cortexa9_0'.
22:22:58 INFO  : 'configparams force-mem-access 0' command is executed.
22:22:58 INFO  : ----------------XSDB Script----------------
connect -url tcp:127.0.0.1:3121
source C:/Users/Administrator/Desktop/lenet/LENET_SDK/my_net/my_net.sdk/design_1_wrapper_hw_platform_0/ps7_init.tcl
targets -set -nocase -filter {name =~"APU*" && jtag_cable_name =~ "Digilent Zed 210248A39B88"} -index 0
loadhw -hw C:/Users/Administrator/Desktop/lenet/LENET_SDK/my_net/my_net.sdk/design_1_wrapper_hw_platform_0/system.hdf -mem-ranges [list {0x40000000 0xbfffffff}]
configparams force-mem-access 1
targets -set -nocase -filter {name =~"APU*" && jtag_cable_name =~ "Digilent Zed 210248A39B88"} -index 0
stop
ps7_init
ps7_post_config
targets -set -nocase -filter {name =~ "ARM*#0" && jtag_cable_name =~ "Digilent Zed 210248A39B88"} -index 0
rst -processor
targets -set -nocase -filter {name =~ "ARM*#0" && jtag_cable_name =~ "Digilent Zed 210248A39B88"} -index 0
dow C:/Users/Administrator/Desktop/lenet/LENET_SDK/my_net/my_net.sdk/lenet/Debug/lenet.elf
configparams force-mem-access 0
----------------End of Script----------------

22:22:59 INFO  : Memory regions updated for context APU
22:22:59 INFO  : Context for processor 'ps7_cortexa9_0' is selected.
22:22:59 INFO  : 'con' command is executed.
22:22:59 INFO  : ----------------XSDB Script (After Launch)----------------
targets -set -nocase -filter {name =~ "ARM*#0" && jtag_cable_name =~ "Digilent Zed 210248A39B88"} -index 0
con
----------------End of Script----------------

22:22:59 INFO  : Launch script is exported to file 'C:\Users\Administrator\Desktop\lenet\LENET_SDK\my_net\my_net.sdk\.sdk\launch_scripts\xilinx_c-c++_application_(system_debugger)\system_debugger_using_debug_lenet.elf_on_local.tcl'
22:23:47 ERROR : Error generating bsp sources: Failed in generating sources
22:23:47 ERROR : Failed to regenerate sources for BSP project lenet_bsp
org.eclipse.core.runtime.CoreException: Internal error occurred while generating bsp sources. Please check the SDK Log view for further details.
	at com.xilinx.sdk.sw.ui.handlers.RegenBspSourcesHandler.internalGenerateBsp(RegenBspSourcesHandler.java:179)
	at com.xilinx.sdk.sw.ui.handlers.RegenBspSourcesHandler.access$2(RegenBspSourcesHandler.java:164)
	at com.xilinx.sdk.sw.ui.handlers.RegenBspSourcesHandler$1$1.run(RegenBspSourcesHandler.java:132)
	at org.eclipse.core.internal.resources.Workspace.run(Workspace.java:2240)
	at org.eclipse.core.internal.resources.Workspace.run(Workspace.java:2267)
	at com.xilinx.sdk.sw.ui.handlers.RegenBspSourcesHandler$1.run(RegenBspSourcesHandler.java:136)
	at org.eclipse.jface.operation.ModalContext$ModalContextThread.run(ModalContext.java:119)
22:23:51 INFO  : Launching XSCT server: xsct.bat -interactive C:\Users\Administrator\Desktop\lenet\LENET_SDK\my_net\my_net.sdk\temp_xsdb_launch_script.tcl
22:23:53 INFO  : XSCT server has started successfully.
22:25:41 WARN  : channel "tcfchan#3" closed
22:25:42 INFO  : Connected to target on host '127.0.0.1' and port '3121'.
22:25:42 INFO  : Jtag cable 'Digilent Zed 210248A39B88' is selected.
22:25:42 INFO  : 'jtag frequency' command is executed.
22:25:42 INFO  : Sourcing of 'C:/Users/Administrator/Desktop/lenet/LENET_SDK/my_net/my_net.sdk/design_1_wrapper_hw_platform_0/ps7_init.tcl' is done.
22:25:42 INFO  : Context for 'APU' is selected.
22:25:43 INFO  : System reset is completed.
22:25:46 INFO  : 'after 3000' command is executed.
22:25:46 INFO  : 'targets -set -filter {jtag_cable_name =~ "Digilent Zed 210248A39B88" && level==0} -index 1' command is executed.
22:25:48 INFO  : FPGA configured successfully with bitstream "C:/Users/Administrator/Desktop/lenet/LENET_SDK/my_net/my_net.sdk/design_1_wrapper_hw_platform_0/design_1_wrapper.bit"
22:25:48 INFO  : Context for 'APU' is selected.
22:25:48 INFO  : Hardware design information is loaded from 'C:/Users/Administrator/Desktop/lenet/LENET_SDK/my_net/my_net.sdk/design_1_wrapper_hw_platform_0/system.hdf'.
22:25:48 INFO  : 'configparams force-mem-access 1' command is executed.
22:25:48 INFO  : Context for 'APU' is selected.
22:25:48 INFO  : 'ps7_init' command is executed.
22:25:48 INFO  : 'ps7_post_config' command is executed.
22:25:48 INFO  : Context for processor 'ps7_cortexa9_0' is selected.
22:25:49 INFO  : The application 'C:/Users/Administrator/Desktop/lenet/LENET_SDK/my_net/my_net.sdk/lenet/Debug/lenet.elf' is downloaded to processor 'ps7_cortexa9_0'.
22:25:49 INFO  : 'configparams force-mem-access 0' command is executed.
22:25:49 INFO  : ----------------XSDB Script----------------
connect -url tcp:127.0.0.1:3121
source C:/Users/Administrator/Desktop/lenet/LENET_SDK/my_net/my_net.sdk/design_1_wrapper_hw_platform_0/ps7_init.tcl
targets -set -nocase -filter {name =~"APU*" && jtag_cable_name =~ "Digilent Zed 210248A39B88"} -index 0
rst -system
after 3000
targets -set -filter {jtag_cable_name =~ "Digilent Zed 210248A39B88" && level==0} -index 1
fpga -file C:/Users/Administrator/Desktop/lenet/LENET_SDK/my_net/my_net.sdk/design_1_wrapper_hw_platform_0/design_1_wrapper.bit
targets -set -nocase -filter {name =~"APU*" && jtag_cable_name =~ "Digilent Zed 210248A39B88"} -index 0
loadhw -hw C:/Users/Administrator/Desktop/lenet/LENET_SDK/my_net/my_net.sdk/design_1_wrapper_hw_platform_0/system.hdf -mem-ranges [list {0x40000000 0xbfffffff}]
configparams force-mem-access 1
targets -set -nocase -filter {name =~"APU*" && jtag_cable_name =~ "Digilent Zed 210248A39B88"} -index 0
ps7_init
ps7_post_config
targets -set -nocase -filter {name =~ "ARM*#0" && jtag_cable_name =~ "Digilent Zed 210248A39B88"} -index 0
dow C:/Users/Administrator/Desktop/lenet/LENET_SDK/my_net/my_net.sdk/lenet/Debug/lenet.elf
configparams force-mem-access 0
----------------End of Script----------------

22:25:49 INFO  : Memory regions updated for context APU
22:25:49 INFO  : Context for processor 'ps7_cortexa9_0' is selected.
22:25:49 INFO  : 'con' command is executed.
22:25:49 INFO  : ----------------XSDB Script (After Launch)----------------
targets -set -nocase -filter {name =~ "ARM*#0" && jtag_cable_name =~ "Digilent Zed 210248A39B88"} -index 0
con
----------------End of Script----------------

22:25:49 INFO  : Launch script is exported to file 'C:\Users\Administrator\Desktop\lenet\LENET_SDK\my_net\my_net.sdk\.sdk\launch_scripts\xilinx_c-c++_application_(system_debugger)\system_debugger_using_debug_lenet.elf_on_local.tcl'
22:28:39 INFO  : Connected to target on host '127.0.0.1' and port '3121'.
22:28:39 INFO  : Jtag cable 'Digilent Zed 210248A39B88' is selected.
22:28:39 INFO  : 'jtag frequency' command is executed.
22:28:39 INFO  : Sourcing of 'C:/Users/Administrator/Desktop/lenet/LENET_SDK/my_net/my_net.sdk/design_1_wrapper_hw_platform_0/ps7_init.tcl' is done.
22:28:39 INFO  : Context for 'APU' is selected.
22:28:39 INFO  : System reset is completed.
22:28:42 INFO  : 'after 3000' command is executed.
22:28:42 INFO  : 'targets -set -filter {jtag_cable_name =~ "Digilent Zed 210248A39B88" && level==0} -index 1' command is executed.
22:28:45 INFO  : FPGA configured successfully with bitstream "C:/Users/Administrator/Desktop/lenet/LENET_SDK/my_net/my_net.sdk/design_1_wrapper_hw_platform_0/design_1_wrapper.bit"
22:28:45 INFO  : Context for 'APU' is selected.
22:28:45 INFO  : Hardware design information is loaded from 'C:/Users/Administrator/Desktop/lenet/LENET_SDK/my_net/my_net.sdk/design_1_wrapper_hw_platform_0/system.hdf'.
22:28:45 INFO  : 'configparams force-mem-access 1' command is executed.
22:28:45 INFO  : Context for 'APU' is selected.
22:28:45 INFO  : 'ps7_init' command is executed.
22:28:45 INFO  : 'ps7_post_config' command is executed.
22:28:45 INFO  : Context for processor 'ps7_cortexa9_0' is selected.
22:28:45 INFO  : The application 'C:/Users/Administrator/Desktop/lenet/LENET_SDK/my_net/my_net.sdk/sd/Debug/sd.elf' is downloaded to processor 'ps7_cortexa9_0'.
22:28:45 INFO  : 'configparams force-mem-access 0' command is executed.
22:28:45 INFO  : ----------------XSDB Script----------------
connect -url tcp:127.0.0.1:3121
source C:/Users/Administrator/Desktop/lenet/LENET_SDK/my_net/my_net.sdk/design_1_wrapper_hw_platform_0/ps7_init.tcl
targets -set -nocase -filter {name =~"APU*" && jtag_cable_name =~ "Digilent Zed 210248A39B88"} -index 0
rst -system
after 3000
targets -set -filter {jtag_cable_name =~ "Digilent Zed 210248A39B88" && level==0} -index 1
fpga -file C:/Users/Administrator/Desktop/lenet/LENET_SDK/my_net/my_net.sdk/design_1_wrapper_hw_platform_0/design_1_wrapper.bit
targets -set -nocase -filter {name =~"APU*" && jtag_cable_name =~ "Digilent Zed 210248A39B88"} -index 0
loadhw -hw C:/Users/Administrator/Desktop/lenet/LENET_SDK/my_net/my_net.sdk/design_1_wrapper_hw_platform_0/system.hdf -mem-ranges [list {0x40000000 0xbfffffff}]
configparams force-mem-access 1
targets -set -nocase -filter {name =~"APU*" && jtag_cable_name =~ "Digilent Zed 210248A39B88"} -index 0
ps7_init
ps7_post_config
targets -set -nocase -filter {name =~ "ARM*#0" && jtag_cable_name =~ "Digilent Zed 210248A39B88"} -index 0
dow C:/Users/Administrator/Desktop/lenet/LENET_SDK/my_net/my_net.sdk/sd/Debug/sd.elf
configparams force-mem-access 0
----------------End of Script----------------

22:28:45 INFO  : Memory regions updated for context APU
22:28:46 INFO  : Context for processor 'ps7_cortexa9_0' is selected.
22:28:46 INFO  : 'con' command is executed.
22:28:46 INFO  : ----------------XSDB Script (After Launch)----------------
targets -set -nocase -filter {name =~ "ARM*#0" && jtag_cable_name =~ "Digilent Zed 210248A39B88"} -index 0
con
----------------End of Script----------------

22:28:46 INFO  : Launch script is exported to file 'C:\Users\Administrator\Desktop\lenet\LENET_SDK\my_net\my_net.sdk\.sdk\launch_scripts\xilinx_c-c++_application_(system_debugger)\system_debugger_using_debug_sd.elf_on_local.tcl'
22:34:07 INFO  : Disconnected from the channel tcfchan#1.
22:34:08 INFO  : Connected to target on host '127.0.0.1' and port '3121'.
22:34:09 INFO  : Jtag cable 'Digilent Zed 210248A39B88' is selected.
22:34:09 INFO  : 'jtag frequency' command is executed.
22:34:09 INFO  : Sourcing of 'C:/Users/Administrator/Desktop/lenet/LENET_SDK/my_net/my_net.sdk/design_1_wrapper_hw_platform_0/ps7_init.tcl' is done.
22:34:09 INFO  : Context for 'APU' is selected.
22:34:09 INFO  : System reset is completed.
22:34:12 INFO  : 'after 3000' command is executed.
22:34:12 INFO  : 'targets -set -filter {jtag_cable_name =~ "Digilent Zed 210248A39B88" && level==0} -index 1' command is executed.
22:34:14 INFO  : FPGA configured successfully with bitstream "C:/Users/Administrator/Desktop/lenet/LENET_SDK/my_net/my_net.sdk/design_1_wrapper_hw_platform_0/design_1_wrapper.bit"
22:34:14 INFO  : Context for 'APU' is selected.
22:34:16 INFO  : Hardware design information is loaded from 'C:/Users/Administrator/Desktop/lenet/LENET_SDK/my_net/my_net.sdk/design_1_wrapper_hw_platform_0/system.hdf'.
22:34:16 INFO  : 'configparams force-mem-access 1' command is executed.
22:34:16 INFO  : Context for 'APU' is selected.
22:34:16 INFO  : 'ps7_init' command is executed.
22:34:16 INFO  : 'ps7_post_config' command is executed.
22:34:16 INFO  : Context for processor 'ps7_cortexa9_0' is selected.
22:34:17 INFO  : The application 'C:/Users/Administrator/Desktop/lenet/LENET_SDK/my_net/my_net.sdk/sd/Debug/sd.elf' is downloaded to processor 'ps7_cortexa9_0'.
22:34:17 INFO  : 'configparams force-mem-access 0' command is executed.
22:34:17 INFO  : ----------------XSDB Script----------------
connect -url tcp:127.0.0.1:3121
source C:/Users/Administrator/Desktop/lenet/LENET_SDK/my_net/my_net.sdk/design_1_wrapper_hw_platform_0/ps7_init.tcl
targets -set -nocase -filter {name =~"APU*" && jtag_cable_name =~ "Digilent Zed 210248A39B88"} -index 0
rst -system
after 3000
targets -set -filter {jtag_cable_name =~ "Digilent Zed 210248A39B88" && level==0} -index 1
fpga -file C:/Users/Administrator/Desktop/lenet/LENET_SDK/my_net/my_net.sdk/design_1_wrapper_hw_platform_0/design_1_wrapper.bit
targets -set -nocase -filter {name =~"APU*" && jtag_cable_name =~ "Digilent Zed 210248A39B88"} -index 0
loadhw -hw C:/Users/Administrator/Desktop/lenet/LENET_SDK/my_net/my_net.sdk/design_1_wrapper_hw_platform_0/system.hdf -mem-ranges [list {0x40000000 0xbfffffff}]
configparams force-mem-access 1
targets -set -nocase -filter {name =~"APU*" && jtag_cable_name =~ "Digilent Zed 210248A39B88"} -index 0
ps7_init
ps7_post_config
targets -set -nocase -filter {name =~ "ARM*#0" && jtag_cable_name =~ "Digilent Zed 210248A39B88"} -index 0
dow C:/Users/Administrator/Desktop/lenet/LENET_SDK/my_net/my_net.sdk/sd/Debug/sd.elf
configparams force-mem-access 0
----------------End of Script----------------

22:34:17 INFO  : Memory regions updated for context APU
22:34:17 INFO  : Context for processor 'ps7_cortexa9_0' is selected.
22:34:17 INFO  : 'con' command is executed.
22:34:17 INFO  : ----------------XSDB Script (After Launch)----------------
targets -set -nocase -filter {name =~ "ARM*#0" && jtag_cable_name =~ "Digilent Zed 210248A39B88"} -index 0
con
----------------End of Script----------------

22:34:17 INFO  : Launch script is exported to file 'C:\Users\Administrator\Desktop\lenet\LENET_SDK\my_net\my_net.sdk\.sdk\launch_scripts\xilinx_c-c++_application_(system_debugger)\system_debugger_using_debug_sd.elf_on_local.tcl'
22:38:38 INFO  : Disconnected from the channel tcfchan#2.
22:38:39 INFO  : Connected to target on host '127.0.0.1' and port '3121'.
22:38:39 INFO  : Jtag cable 'Digilent Zed 210248A39B88' is selected.
22:38:39 INFO  : 'jtag frequency' command is executed.
22:38:39 INFO  : Sourcing of 'C:/Users/Administrator/Desktop/lenet/LENET_SDK/my_net/my_net.sdk/design_1_wrapper_hw_platform_0/ps7_init.tcl' is done.
22:38:39 INFO  : Context for 'APU' is selected.
22:38:40 INFO  : System reset is completed.
22:38:43 INFO  : 'after 3000' command is executed.
22:38:43 INFO  : 'targets -set -filter {jtag_cable_name =~ "Digilent Zed 210248A39B88" && level==0} -index 1' command is executed.
22:38:45 INFO  : FPGA configured successfully with bitstream "C:/Users/Administrator/Desktop/lenet/LENET_SDK/my_net/my_net.sdk/design_1_wrapper_hw_platform_0/design_1_wrapper.bit"
22:38:45 INFO  : Context for 'APU' is selected.
22:38:47 INFO  : Hardware design information is loaded from 'C:/Users/Administrator/Desktop/lenet/LENET_SDK/my_net/my_net.sdk/design_1_wrapper_hw_platform_0/system.hdf'.
22:38:47 INFO  : 'configparams force-mem-access 1' command is executed.
22:38:47 INFO  : Context for 'APU' is selected.
22:38:47 INFO  : 'ps7_init' command is executed.
22:38:47 INFO  : 'ps7_post_config' command is executed.
22:38:47 INFO  : Context for processor 'ps7_cortexa9_0' is selected.
22:38:47 INFO  : The application 'C:/Users/Administrator/Desktop/lenet/LENET_SDK/my_net/my_net.sdk/sd/Debug/sd.elf' is downloaded to processor 'ps7_cortexa9_0'.
22:38:47 INFO  : 'configparams force-mem-access 0' command is executed.
22:38:47 INFO  : ----------------XSDB Script----------------
connect -url tcp:127.0.0.1:3121
source C:/Users/Administrator/Desktop/lenet/LENET_SDK/my_net/my_net.sdk/design_1_wrapper_hw_platform_0/ps7_init.tcl
targets -set -nocase -filter {name =~"APU*" && jtag_cable_name =~ "Digilent Zed 210248A39B88"} -index 0
rst -system
after 3000
targets -set -filter {jtag_cable_name =~ "Digilent Zed 210248A39B88" && level==0} -index 1
fpga -file C:/Users/Administrator/Desktop/lenet/LENET_SDK/my_net/my_net.sdk/design_1_wrapper_hw_platform_0/design_1_wrapper.bit
targets -set -nocase -filter {name =~"APU*" && jtag_cable_name =~ "Digilent Zed 210248A39B88"} -index 0
loadhw -hw C:/Users/Administrator/Desktop/lenet/LENET_SDK/my_net/my_net.sdk/design_1_wrapper_hw_platform_0/system.hdf -mem-ranges [list {0x40000000 0xbfffffff}]
configparams force-mem-access 1
targets -set -nocase -filter {name =~"APU*" && jtag_cable_name =~ "Digilent Zed 210248A39B88"} -index 0
ps7_init
ps7_post_config
targets -set -nocase -filter {name =~ "ARM*#0" && jtag_cable_name =~ "Digilent Zed 210248A39B88"} -index 0
dow C:/Users/Administrator/Desktop/lenet/LENET_SDK/my_net/my_net.sdk/sd/Debug/sd.elf
configparams force-mem-access 0
----------------End of Script----------------

22:38:48 INFO  : Memory regions updated for context APU
22:38:48 INFO  : Context for processor 'ps7_cortexa9_0' is selected.
22:38:48 INFO  : 'con' command is executed.
22:38:48 INFO  : ----------------XSDB Script (After Launch)----------------
targets -set -nocase -filter {name =~ "ARM*#0" && jtag_cable_name =~ "Digilent Zed 210248A39B88"} -index 0
con
----------------End of Script----------------

22:38:48 INFO  : Launch script is exported to file 'C:\Users\Administrator\Desktop\lenet\LENET_SDK\my_net\my_net.sdk\.sdk\launch_scripts\xilinx_c-c++_application_(system_debugger)\system_debugger_using_debug_sd.elf_on_local.tcl'
22:39:39 INFO  : Disconnected from the channel tcfchan#3.
22:39:40 INFO  : Connected to target on host '127.0.0.1' and port '3121'.
22:39:40 INFO  : Jtag cable 'Digilent Zed 210248A39B88' is selected.
22:39:40 INFO  : 'jtag frequency' command is executed.
22:39:40 INFO  : Sourcing of 'C:/Users/Administrator/Desktop/lenet/LENET_SDK/my_net/my_net.sdk/design_1_wrapper_hw_platform_0/ps7_init.tcl' is done.
22:39:40 INFO  : Context for 'APU' is selected.
22:39:41 INFO  : System reset is completed.
22:39:44 INFO  : 'after 3000' command is executed.
22:39:44 INFO  : 'targets -set -filter {jtag_cable_name =~ "Digilent Zed 210248A39B88" && level==0} -index 1' command is executed.
22:39:46 INFO  : FPGA configured successfully with bitstream "C:/Users/Administrator/Desktop/lenet/LENET_SDK/my_net/my_net.sdk/design_1_wrapper_hw_platform_0/design_1_wrapper.bit"
22:39:46 INFO  : Context for 'APU' is selected.
22:39:48 INFO  : Hardware design information is loaded from 'C:/Users/Administrator/Desktop/lenet/LENET_SDK/my_net/my_net.sdk/design_1_wrapper_hw_platform_0/system.hdf'.
22:39:48 INFO  : 'configparams force-mem-access 1' command is executed.
22:39:48 INFO  : Context for 'APU' is selected.
22:39:48 INFO  : 'ps7_init' command is executed.
22:39:48 INFO  : 'ps7_post_config' command is executed.
22:39:48 INFO  : Context for processor 'ps7_cortexa9_0' is selected.
22:39:48 INFO  : The application 'C:/Users/Administrator/Desktop/lenet/LENET_SDK/my_net/my_net.sdk/sd/Debug/sd.elf' is downloaded to processor 'ps7_cortexa9_0'.
22:39:48 INFO  : 'configparams force-mem-access 0' command is executed.
22:39:48 INFO  : ----------------XSDB Script----------------
connect -url tcp:127.0.0.1:3121
source C:/Users/Administrator/Desktop/lenet/LENET_SDK/my_net/my_net.sdk/design_1_wrapper_hw_platform_0/ps7_init.tcl
targets -set -nocase -filter {name =~"APU*" && jtag_cable_name =~ "Digilent Zed 210248A39B88"} -index 0
rst -system
after 3000
targets -set -filter {jtag_cable_name =~ "Digilent Zed 210248A39B88" && level==0} -index 1
fpga -file C:/Users/Administrator/Desktop/lenet/LENET_SDK/my_net/my_net.sdk/design_1_wrapper_hw_platform_0/design_1_wrapper.bit
targets -set -nocase -filter {name =~"APU*" && jtag_cable_name =~ "Digilent Zed 210248A39B88"} -index 0
loadhw -hw C:/Users/Administrator/Desktop/lenet/LENET_SDK/my_net/my_net.sdk/design_1_wrapper_hw_platform_0/system.hdf -mem-ranges [list {0x40000000 0xbfffffff}]
configparams force-mem-access 1
targets -set -nocase -filter {name =~"APU*" && jtag_cable_name =~ "Digilent Zed 210248A39B88"} -index 0
ps7_init
ps7_post_config
targets -set -nocase -filter {name =~ "ARM*#0" && jtag_cable_name =~ "Digilent Zed 210248A39B88"} -index 0
dow C:/Users/Administrator/Desktop/lenet/LENET_SDK/my_net/my_net.sdk/sd/Debug/sd.elf
configparams force-mem-access 0
----------------End of Script----------------

22:39:48 INFO  : Memory regions updated for context APU
22:39:48 INFO  : Context for processor 'ps7_cortexa9_0' is selected.
22:39:48 INFO  : 'con' command is executed.
22:39:48 INFO  : ----------------XSDB Script (After Launch)----------------
targets -set -nocase -filter {name =~ "ARM*#0" && jtag_cable_name =~ "Digilent Zed 210248A39B88"} -index 0
con
----------------End of Script----------------

22:39:48 INFO  : Launch script is exported to file 'C:\Users\Administrator\Desktop\lenet\LENET_SDK\my_net\my_net.sdk\.sdk\launch_scripts\xilinx_c-c++_application_(system_debugger)\system_debugger_using_debug_sd.elf_on_local.tcl'
22:41:25 INFO  : Disconnected from the channel tcfchan#4.
22:41:26 INFO  : Connected to target on host '127.0.0.1' and port '3121'.
22:41:26 INFO  : Jtag cable 'Digilent Zed 210248A39B88' is selected.
22:41:26 INFO  : 'jtag frequency' command is executed.
22:41:26 INFO  : Sourcing of 'C:/Users/Administrator/Desktop/lenet/LENET_SDK/my_net/my_net.sdk/design_1_wrapper_hw_platform_0/ps7_init.tcl' is done.
22:41:26 INFO  : Context for 'APU' is selected.
22:41:26 INFO  : System reset is completed.
22:41:29 INFO  : 'after 3000' command is executed.
22:41:30 INFO  : 'targets -set -filter {jtag_cable_name =~ "Digilent Zed 210248A39B88" && level==0} -index 1' command is executed.
22:41:32 INFO  : FPGA configured successfully with bitstream "C:/Users/Administrator/Desktop/lenet/LENET_SDK/my_net/my_net.sdk/design_1_wrapper_hw_platform_0/design_1_wrapper.bit"
22:41:32 INFO  : Context for 'APU' is selected.
22:41:34 INFO  : Hardware design information is loaded from 'C:/Users/Administrator/Desktop/lenet/LENET_SDK/my_net/my_net.sdk/design_1_wrapper_hw_platform_0/system.hdf'.
22:41:34 INFO  : 'configparams force-mem-access 1' command is executed.
22:41:34 INFO  : Context for 'APU' is selected.
22:41:34 INFO  : 'ps7_init' command is executed.
22:41:34 INFO  : 'ps7_post_config' command is executed.
22:41:34 INFO  : Context for processor 'ps7_cortexa9_0' is selected.
22:41:34 INFO  : The application 'C:/Users/Administrator/Desktop/lenet/LENET_SDK/my_net/my_net.sdk/sd/Debug/sd.elf' is downloaded to processor 'ps7_cortexa9_0'.
22:41:34 INFO  : 'configparams force-mem-access 0' command is executed.
22:41:34 INFO  : ----------------XSDB Script----------------
connect -url tcp:127.0.0.1:3121
source C:/Users/Administrator/Desktop/lenet/LENET_SDK/my_net/my_net.sdk/design_1_wrapper_hw_platform_0/ps7_init.tcl
targets -set -nocase -filter {name =~"APU*" && jtag_cable_name =~ "Digilent Zed 210248A39B88"} -index 0
rst -system
after 3000
targets -set -filter {jtag_cable_name =~ "Digilent Zed 210248A39B88" && level==0} -index 1
fpga -file C:/Users/Administrator/Desktop/lenet/LENET_SDK/my_net/my_net.sdk/design_1_wrapper_hw_platform_0/design_1_wrapper.bit
targets -set -nocase -filter {name =~"APU*" && jtag_cable_name =~ "Digilent Zed 210248A39B88"} -index 0
loadhw -hw C:/Users/Administrator/Desktop/lenet/LENET_SDK/my_net/my_net.sdk/design_1_wrapper_hw_platform_0/system.hdf -mem-ranges [list {0x40000000 0xbfffffff}]
configparams force-mem-access 1
targets -set -nocase -filter {name =~"APU*" && jtag_cable_name =~ "Digilent Zed 210248A39B88"} -index 0
ps7_init
ps7_post_config
targets -set -nocase -filter {name =~ "ARM*#0" && jtag_cable_name =~ "Digilent Zed 210248A39B88"} -index 0
dow C:/Users/Administrator/Desktop/lenet/LENET_SDK/my_net/my_net.sdk/sd/Debug/sd.elf
configparams force-mem-access 0
----------------End of Script----------------

22:41:35 INFO  : Memory regions updated for context APU
22:41:35 INFO  : Context for processor 'ps7_cortexa9_0' is selected.
22:41:35 INFO  : 'con' command is executed.
22:41:35 INFO  : ----------------XSDB Script (After Launch)----------------
targets -set -nocase -filter {name =~ "ARM*#0" && jtag_cable_name =~ "Digilent Zed 210248A39B88"} -index 0
con
----------------End of Script----------------

22:41:35 INFO  : Launch script is exported to file 'C:\Users\Administrator\Desktop\lenet\LENET_SDK\my_net\my_net.sdk\.sdk\launch_scripts\xilinx_c-c++_application_(system_debugger)\system_debugger_using_debug_sd.elf_on_local.tcl'
22:43:46 INFO  : Disconnected from the channel tcfchan#5.
22:43:47 INFO  : Connected to target on host '127.0.0.1' and port '3121'.
22:43:47 INFO  : Jtag cable 'Digilent Zed 210248A39B88' is selected.
22:43:47 INFO  : 'jtag frequency' command is executed.
22:43:47 INFO  : Sourcing of 'C:/Users/Administrator/Desktop/lenet/LENET_SDK/my_net/my_net.sdk/design_1_wrapper_hw_platform_0/ps7_init.tcl' is done.
22:43:47 INFO  : Context for 'APU' is selected.
22:43:48 INFO  : System reset is completed.
22:43:51 INFO  : 'after 3000' command is executed.
22:43:51 INFO  : 'targets -set -filter {jtag_cable_name =~ "Digilent Zed 210248A39B88" && level==0} -index 1' command is executed.
22:43:53 INFO  : FPGA configured successfully with bitstream "C:/Users/Administrator/Desktop/lenet/LENET_SDK/my_net/my_net.sdk/design_1_wrapper_hw_platform_0/design_1_wrapper.bit"
22:43:53 INFO  : Context for 'APU' is selected.
22:43:55 INFO  : Hardware design information is loaded from 'C:/Users/Administrator/Desktop/lenet/LENET_SDK/my_net/my_net.sdk/design_1_wrapper_hw_platform_0/system.hdf'.
22:43:55 INFO  : 'configparams force-mem-access 1' command is executed.
22:43:55 INFO  : Context for 'APU' is selected.
22:43:55 INFO  : 'ps7_init' command is executed.
22:43:55 INFO  : 'ps7_post_config' command is executed.
22:43:55 INFO  : Context for processor 'ps7_cortexa9_0' is selected.
22:43:55 INFO  : The application 'C:/Users/Administrator/Desktop/lenet/LENET_SDK/my_net/my_net.sdk/sd/Debug/sd.elf' is downloaded to processor 'ps7_cortexa9_0'.
22:43:55 INFO  : 'configparams force-mem-access 0' command is executed.
22:43:55 INFO  : ----------------XSDB Script----------------
connect -url tcp:127.0.0.1:3121
source C:/Users/Administrator/Desktop/lenet/LENET_SDK/my_net/my_net.sdk/design_1_wrapper_hw_platform_0/ps7_init.tcl
targets -set -nocase -filter {name =~"APU*" && jtag_cable_name =~ "Digilent Zed 210248A39B88"} -index 0
rst -system
after 3000
targets -set -filter {jtag_cable_name =~ "Digilent Zed 210248A39B88" && level==0} -index 1
fpga -file C:/Users/Administrator/Desktop/lenet/LENET_SDK/my_net/my_net.sdk/design_1_wrapper_hw_platform_0/design_1_wrapper.bit
targets -set -nocase -filter {name =~"APU*" && jtag_cable_name =~ "Digilent Zed 210248A39B88"} -index 0
loadhw -hw C:/Users/Administrator/Desktop/lenet/LENET_SDK/my_net/my_net.sdk/design_1_wrapper_hw_platform_0/system.hdf -mem-ranges [list {0x40000000 0xbfffffff}]
configparams force-mem-access 1
targets -set -nocase -filter {name =~"APU*" && jtag_cable_name =~ "Digilent Zed 210248A39B88"} -index 0
ps7_init
ps7_post_config
targets -set -nocase -filter {name =~ "ARM*#0" && jtag_cable_name =~ "Digilent Zed 210248A39B88"} -index 0
dow C:/Users/Administrator/Desktop/lenet/LENET_SDK/my_net/my_net.sdk/sd/Debug/sd.elf
configparams force-mem-access 0
----------------End of Script----------------

22:43:55 INFO  : Memory regions updated for context APU
22:43:56 INFO  : Context for processor 'ps7_cortexa9_0' is selected.
22:43:56 INFO  : 'con' command is executed.
22:43:56 INFO  : ----------------XSDB Script (After Launch)----------------
targets -set -nocase -filter {name =~ "ARM*#0" && jtag_cable_name =~ "Digilent Zed 210248A39B88"} -index 0
con
----------------End of Script----------------

22:43:56 INFO  : Launch script is exported to file 'C:\Users\Administrator\Desktop\lenet\LENET_SDK\my_net\my_net.sdk\.sdk\launch_scripts\xilinx_c-c++_application_(system_debugger)\system_debugger_using_debug_sd.elf_on_local.tcl'
22:45:24 INFO  : Disconnected from the channel tcfchan#6.
22:45:25 INFO  : Connected to target on host '127.0.0.1' and port '3121'.
22:45:26 INFO  : Jtag cable 'Digilent Zed 210248A39B88' is selected.
22:45:26 INFO  : 'jtag frequency' command is executed.
22:45:26 INFO  : Sourcing of 'C:/Users/Administrator/Desktop/lenet/LENET_SDK/my_net/my_net.sdk/design_1_wrapper_hw_platform_0/ps7_init.tcl' is done.
22:45:26 INFO  : Context for 'APU' is selected.
22:45:26 INFO  : System reset is completed.
22:45:29 INFO  : 'after 3000' command is executed.
22:45:29 INFO  : 'targets -set -filter {jtag_cable_name =~ "Digilent Zed 210248A39B88" && level==0} -index 1' command is executed.
22:45:31 INFO  : FPGA configured successfully with bitstream "C:/Users/Administrator/Desktop/lenet/LENET_SDK/my_net/my_net.sdk/design_1_wrapper_hw_platform_0/design_1_wrapper.bit"
22:45:31 INFO  : Context for 'APU' is selected.
22:45:33 INFO  : Hardware design information is loaded from 'C:/Users/Administrator/Desktop/lenet/LENET_SDK/my_net/my_net.sdk/design_1_wrapper_hw_platform_0/system.hdf'.
22:45:33 INFO  : 'configparams force-mem-access 1' command is executed.
22:45:33 INFO  : Context for 'APU' is selected.
22:45:33 INFO  : 'ps7_init' command is executed.
22:45:33 INFO  : 'ps7_post_config' command is executed.
22:45:33 INFO  : Context for processor 'ps7_cortexa9_0' is selected.
22:45:34 INFO  : The application 'C:/Users/Administrator/Desktop/lenet/LENET_SDK/my_net/my_net.sdk/sd/Debug/sd.elf' is downloaded to processor 'ps7_cortexa9_0'.
22:45:34 INFO  : 'configparams force-mem-access 0' command is executed.
22:45:34 INFO  : ----------------XSDB Script----------------
connect -url tcp:127.0.0.1:3121
source C:/Users/Administrator/Desktop/lenet/LENET_SDK/my_net/my_net.sdk/design_1_wrapper_hw_platform_0/ps7_init.tcl
targets -set -nocase -filter {name =~"APU*" && jtag_cable_name =~ "Digilent Zed 210248A39B88"} -index 0
rst -system
after 3000
targets -set -filter {jtag_cable_name =~ "Digilent Zed 210248A39B88" && level==0} -index 1
fpga -file C:/Users/Administrator/Desktop/lenet/LENET_SDK/my_net/my_net.sdk/design_1_wrapper_hw_platform_0/design_1_wrapper.bit
targets -set -nocase -filter {name =~"APU*" && jtag_cable_name =~ "Digilent Zed 210248A39B88"} -index 0
loadhw -hw C:/Users/Administrator/Desktop/lenet/LENET_SDK/my_net/my_net.sdk/design_1_wrapper_hw_platform_0/system.hdf -mem-ranges [list {0x40000000 0xbfffffff}]
configparams force-mem-access 1
targets -set -nocase -filter {name =~"APU*" && jtag_cable_name =~ "Digilent Zed 210248A39B88"} -index 0
ps7_init
ps7_post_config
targets -set -nocase -filter {name =~ "ARM*#0" && jtag_cable_name =~ "Digilent Zed 210248A39B88"} -index 0
dow C:/Users/Administrator/Desktop/lenet/LENET_SDK/my_net/my_net.sdk/sd/Debug/sd.elf
configparams force-mem-access 0
----------------End of Script----------------

22:45:34 INFO  : Memory regions updated for context APU
22:45:34 INFO  : Context for processor 'ps7_cortexa9_0' is selected.
22:45:34 INFO  : 'con' command is executed.
22:45:34 INFO  : ----------------XSDB Script (After Launch)----------------
targets -set -nocase -filter {name =~ "ARM*#0" && jtag_cable_name =~ "Digilent Zed 210248A39B88"} -index 0
con
----------------End of Script----------------

22:45:34 INFO  : Launch script is exported to file 'C:\Users\Administrator\Desktop\lenet\LENET_SDK\my_net\my_net.sdk\.sdk\launch_scripts\xilinx_c-c++_application_(system_debugger)\system_debugger_using_debug_sd.elf_on_local.tcl'
22:47:52 INFO  : Disconnected from the channel tcfchan#7.
22:47:53 INFO  : Connected to target on host '127.0.0.1' and port '3121'.
22:47:54 INFO  : Jtag cable 'Digilent Zed 210248A39B88' is selected.
22:47:54 INFO  : 'jtag frequency' command is executed.
22:47:54 INFO  : Sourcing of 'C:/Users/Administrator/Desktop/lenet/LENET_SDK/my_net/my_net.sdk/design_1_wrapper_hw_platform_0/ps7_init.tcl' is done.
22:47:54 INFO  : Context for 'APU' is selected.
22:47:54 INFO  : System reset is completed.
22:47:57 INFO  : 'after 3000' command is executed.
22:47:57 INFO  : 'targets -set -filter {jtag_cable_name =~ "Digilent Zed 210248A39B88" && level==0} -index 1' command is executed.
22:47:59 INFO  : FPGA configured successfully with bitstream "C:/Users/Administrator/Desktop/lenet/LENET_SDK/my_net/my_net.sdk/design_1_wrapper_hw_platform_0/design_1_wrapper.bit"
22:47:59 INFO  : Context for 'APU' is selected.
22:48:01 INFO  : Hardware design information is loaded from 'C:/Users/Administrator/Desktop/lenet/LENET_SDK/my_net/my_net.sdk/design_1_wrapper_hw_platform_0/system.hdf'.
22:48:01 INFO  : 'configparams force-mem-access 1' command is executed.
22:48:01 INFO  : Context for 'APU' is selected.
22:48:01 INFO  : 'ps7_init' command is executed.
22:48:01 INFO  : 'ps7_post_config' command is executed.
22:48:01 INFO  : Context for processor 'ps7_cortexa9_0' is selected.
22:48:02 INFO  : The application 'C:/Users/Administrator/Desktop/lenet/LENET_SDK/my_net/my_net.sdk/sd/Debug/sd.elf' is downloaded to processor 'ps7_cortexa9_0'.
22:48:02 INFO  : 'configparams force-mem-access 0' command is executed.
22:48:02 INFO  : ----------------XSDB Script----------------
connect -url tcp:127.0.0.1:3121
source C:/Users/Administrator/Desktop/lenet/LENET_SDK/my_net/my_net.sdk/design_1_wrapper_hw_platform_0/ps7_init.tcl
targets -set -nocase -filter {name =~"APU*" && jtag_cable_name =~ "Digilent Zed 210248A39B88"} -index 0
rst -system
after 3000
targets -set -filter {jtag_cable_name =~ "Digilent Zed 210248A39B88" && level==0} -index 1
fpga -file C:/Users/Administrator/Desktop/lenet/LENET_SDK/my_net/my_net.sdk/design_1_wrapper_hw_platform_0/design_1_wrapper.bit
targets -set -nocase -filter {name =~"APU*" && jtag_cable_name =~ "Digilent Zed 210248A39B88"} -index 0
loadhw -hw C:/Users/Administrator/Desktop/lenet/LENET_SDK/my_net/my_net.sdk/design_1_wrapper_hw_platform_0/system.hdf -mem-ranges [list {0x40000000 0xbfffffff}]
configparams force-mem-access 1
targets -set -nocase -filter {name =~"APU*" && jtag_cable_name =~ "Digilent Zed 210248A39B88"} -index 0
ps7_init
ps7_post_config
targets -set -nocase -filter {name =~ "ARM*#0" && jtag_cable_name =~ "Digilent Zed 210248A39B88"} -index 0
dow C:/Users/Administrator/Desktop/lenet/LENET_SDK/my_net/my_net.sdk/sd/Debug/sd.elf
configparams force-mem-access 0
----------------End of Script----------------

22:48:02 INFO  : Memory regions updated for context APU
22:48:02 INFO  : Context for processor 'ps7_cortexa9_0' is selected.
22:48:02 INFO  : 'con' command is executed.
22:48:02 INFO  : ----------------XSDB Script (After Launch)----------------
targets -set -nocase -filter {name =~ "ARM*#0" && jtag_cable_name =~ "Digilent Zed 210248A39B88"} -index 0
con
----------------End of Script----------------

22:48:02 INFO  : Launch script is exported to file 'C:\Users\Administrator\Desktop\lenet\LENET_SDK\my_net\my_net.sdk\.sdk\launch_scripts\xilinx_c-c++_application_(system_debugger)\system_debugger_using_debug_sd.elf_on_local.tcl'
22:48:37 INFO  : Disconnected from the channel tcfchan#8.
22:48:38 INFO  : Connected to target on host '127.0.0.1' and port '3121'.
22:48:38 INFO  : Jtag cable 'Digilent Zed 210248A39B88' is selected.
22:48:38 INFO  : 'jtag frequency' command is executed.
22:48:38 INFO  : Sourcing of 'C:/Users/Administrator/Desktop/lenet/LENET_SDK/my_net/my_net.sdk/design_1_wrapper_hw_platform_0/ps7_init.tcl' is done.
22:48:38 INFO  : Context for 'APU' is selected.
22:48:39 INFO  : System reset is completed.
22:48:42 INFO  : 'after 3000' command is executed.
22:48:42 INFO  : 'targets -set -filter {jtag_cable_name =~ "Digilent Zed 210248A39B88" && level==0} -index 1' command is executed.
22:48:44 INFO  : FPGA configured successfully with bitstream "C:/Users/Administrator/Desktop/lenet/LENET_SDK/my_net/my_net.sdk/design_1_wrapper_hw_platform_0/design_1_wrapper.bit"
22:48:44 INFO  : Context for 'APU' is selected.
22:48:46 INFO  : Hardware design information is loaded from 'C:/Users/Administrator/Desktop/lenet/LENET_SDK/my_net/my_net.sdk/design_1_wrapper_hw_platform_0/system.hdf'.
22:48:46 INFO  : 'configparams force-mem-access 1' command is executed.
22:48:46 INFO  : Context for 'APU' is selected.
22:48:46 INFO  : 'ps7_init' command is executed.
22:48:46 INFO  : 'ps7_post_config' command is executed.
22:48:46 INFO  : Context for processor 'ps7_cortexa9_0' is selected.
22:48:47 INFO  : The application 'C:/Users/Administrator/Desktop/lenet/LENET_SDK/my_net/my_net.sdk/sd/Debug/sd.elf' is downloaded to processor 'ps7_cortexa9_0'.
22:48:47 INFO  : 'configparams force-mem-access 0' command is executed.
22:48:47 INFO  : ----------------XSDB Script----------------
connect -url tcp:127.0.0.1:3121
source C:/Users/Administrator/Desktop/lenet/LENET_SDK/my_net/my_net.sdk/design_1_wrapper_hw_platform_0/ps7_init.tcl
targets -set -nocase -filter {name =~"APU*" && jtag_cable_name =~ "Digilent Zed 210248A39B88"} -index 0
rst -system
after 3000
targets -set -filter {jtag_cable_name =~ "Digilent Zed 210248A39B88" && level==0} -index 1
fpga -file C:/Users/Administrator/Desktop/lenet/LENET_SDK/my_net/my_net.sdk/design_1_wrapper_hw_platform_0/design_1_wrapper.bit
targets -set -nocase -filter {name =~"APU*" && jtag_cable_name =~ "Digilent Zed 210248A39B88"} -index 0
loadhw -hw C:/Users/Administrator/Desktop/lenet/LENET_SDK/my_net/my_net.sdk/design_1_wrapper_hw_platform_0/system.hdf -mem-ranges [list {0x40000000 0xbfffffff}]
configparams force-mem-access 1
targets -set -nocase -filter {name =~"APU*" && jtag_cable_name =~ "Digilent Zed 210248A39B88"} -index 0
ps7_init
ps7_post_config
targets -set -nocase -filter {name =~ "ARM*#0" && jtag_cable_name =~ "Digilent Zed 210248A39B88"} -index 0
dow C:/Users/Administrator/Desktop/lenet/LENET_SDK/my_net/my_net.sdk/sd/Debug/sd.elf
configparams force-mem-access 0
----------------End of Script----------------

22:48:47 INFO  : Memory regions updated for context APU
22:48:47 INFO  : Context for processor 'ps7_cortexa9_0' is selected.
22:48:47 INFO  : 'con' command is executed.
22:48:47 INFO  : ----------------XSDB Script (After Launch)----------------
targets -set -nocase -filter {name =~ "ARM*#0" && jtag_cable_name =~ "Digilent Zed 210248A39B88"} -index 0
con
----------------End of Script----------------

22:48:47 INFO  : Launch script is exported to file 'C:\Users\Administrator\Desktop\lenet\LENET_SDK\my_net\my_net.sdk\.sdk\launch_scripts\xilinx_c-c++_application_(system_debugger)\system_debugger_using_debug_sd.elf_on_local.tcl'
22:52:21 INFO  : Disconnected from the channel tcfchan#9.
22:52:22 INFO  : Connected to target on host '127.0.0.1' and port '3121'.
22:52:23 INFO  : Jtag cable 'Digilent Zed 210248A39B88' is selected.
22:52:23 INFO  : 'jtag frequency' command is executed.
22:52:23 INFO  : Sourcing of 'C:/Users/Administrator/Desktop/lenet/LENET_SDK/my_net/my_net.sdk/design_1_wrapper_hw_platform_0/ps7_init.tcl' is done.
22:52:23 INFO  : Context for 'APU' is selected.
22:52:23 INFO  : System reset is completed.
22:52:26 INFO  : 'after 3000' command is executed.
22:52:26 INFO  : 'targets -set -filter {jtag_cable_name =~ "Digilent Zed 210248A39B88" && level==0} -index 1' command is executed.
22:52:28 INFO  : FPGA configured successfully with bitstream "C:/Users/Administrator/Desktop/lenet/LENET_SDK/my_net/my_net.sdk/design_1_wrapper_hw_platform_0/design_1_wrapper.bit"
22:52:28 INFO  : Context for 'APU' is selected.
22:52:30 INFO  : Hardware design information is loaded from 'C:/Users/Administrator/Desktop/lenet/LENET_SDK/my_net/my_net.sdk/design_1_wrapper_hw_platform_0/system.hdf'.
22:52:30 INFO  : 'configparams force-mem-access 1' command is executed.
22:52:30 INFO  : Context for 'APU' is selected.
22:52:31 INFO  : 'ps7_init' command is executed.
22:52:31 INFO  : 'ps7_post_config' command is executed.
22:52:31 INFO  : Context for processor 'ps7_cortexa9_0' is selected.
22:52:31 INFO  : The application 'C:/Users/Administrator/Desktop/lenet/LENET_SDK/my_net/my_net.sdk/sd/Debug/sd.elf' is downloaded to processor 'ps7_cortexa9_0'.
22:52:31 INFO  : 'configparams force-mem-access 0' command is executed.
22:52:31 INFO  : ----------------XSDB Script----------------
connect -url tcp:127.0.0.1:3121
source C:/Users/Administrator/Desktop/lenet/LENET_SDK/my_net/my_net.sdk/design_1_wrapper_hw_platform_0/ps7_init.tcl
targets -set -nocase -filter {name =~"APU*" && jtag_cable_name =~ "Digilent Zed 210248A39B88"} -index 0
rst -system
after 3000
targets -set -filter {jtag_cable_name =~ "Digilent Zed 210248A39B88" && level==0} -index 1
fpga -file C:/Users/Administrator/Desktop/lenet/LENET_SDK/my_net/my_net.sdk/design_1_wrapper_hw_platform_0/design_1_wrapper.bit
targets -set -nocase -filter {name =~"APU*" && jtag_cable_name =~ "Digilent Zed 210248A39B88"} -index 0
loadhw -hw C:/Users/Administrator/Desktop/lenet/LENET_SDK/my_net/my_net.sdk/design_1_wrapper_hw_platform_0/system.hdf -mem-ranges [list {0x40000000 0xbfffffff}]
configparams force-mem-access 1
targets -set -nocase -filter {name =~"APU*" && jtag_cable_name =~ "Digilent Zed 210248A39B88"} -index 0
ps7_init
ps7_post_config
targets -set -nocase -filter {name =~ "ARM*#0" && jtag_cable_name =~ "Digilent Zed 210248A39B88"} -index 0
dow C:/Users/Administrator/Desktop/lenet/LENET_SDK/my_net/my_net.sdk/sd/Debug/sd.elf
configparams force-mem-access 0
----------------End of Script----------------

22:52:31 INFO  : Memory regions updated for context APU
22:52:31 INFO  : Context for processor 'ps7_cortexa9_0' is selected.
22:52:31 INFO  : 'con' command is executed.
22:52:31 INFO  : ----------------XSDB Script (After Launch)----------------
targets -set -nocase -filter {name =~ "ARM*#0" && jtag_cable_name =~ "Digilent Zed 210248A39B88"} -index 0
con
----------------End of Script----------------

22:52:31 INFO  : Launch script is exported to file 'C:\Users\Administrator\Desktop\lenet\LENET_SDK\my_net\my_net.sdk\.sdk\launch_scripts\xilinx_c-c++_application_(system_debugger)\system_debugger_using_debug_sd.elf_on_local.tcl'
22:57:00 INFO  : Disconnected from the channel tcfchan#10.
22:57:01 INFO  : Connected to target on host '127.0.0.1' and port '3121'.
22:57:02 INFO  : Jtag cable 'Digilent Zed 210248A39B88' is selected.
22:57:02 INFO  : 'jtag frequency' command is executed.
22:57:02 INFO  : Sourcing of 'C:/Users/Administrator/Desktop/lenet/LENET_SDK/my_net/my_net.sdk/design_1_wrapper_hw_platform_0/ps7_init.tcl' is done.
22:57:02 INFO  : Context for 'APU' is selected.
22:57:02 INFO  : System reset is completed.
22:57:05 INFO  : 'after 3000' command is executed.
22:57:05 INFO  : 'targets -set -filter {jtag_cable_name =~ "Digilent Zed 210248A39B88" && level==0} -index 1' command is executed.
22:57:07 INFO  : FPGA configured successfully with bitstream "C:/Users/Administrator/Desktop/lenet/LENET_SDK/my_net/my_net.sdk/design_1_wrapper_hw_platform_0/design_1_wrapper.bit"
22:57:07 INFO  : Context for 'APU' is selected.
22:57:09 INFO  : Hardware design information is loaded from 'C:/Users/Administrator/Desktop/lenet/LENET_SDK/my_net/my_net.sdk/design_1_wrapper_hw_platform_0/system.hdf'.
22:57:09 INFO  : 'configparams force-mem-access 1' command is executed.
22:57:09 INFO  : Context for 'APU' is selected.
22:57:09 INFO  : 'ps7_init' command is executed.
22:57:09 INFO  : 'ps7_post_config' command is executed.
22:57:09 INFO  : Context for processor 'ps7_cortexa9_0' is selected.
22:57:10 INFO  : The application 'C:/Users/Administrator/Desktop/lenet/LENET_SDK/my_net/my_net.sdk/sd/Debug/sd.elf' is downloaded to processor 'ps7_cortexa9_0'.
22:57:10 INFO  : 'configparams force-mem-access 0' command is executed.
22:57:10 INFO  : ----------------XSDB Script----------------
connect -url tcp:127.0.0.1:3121
source C:/Users/Administrator/Desktop/lenet/LENET_SDK/my_net/my_net.sdk/design_1_wrapper_hw_platform_0/ps7_init.tcl
targets -set -nocase -filter {name =~"APU*" && jtag_cable_name =~ "Digilent Zed 210248A39B88"} -index 0
rst -system
after 3000
targets -set -filter {jtag_cable_name =~ "Digilent Zed 210248A39B88" && level==0} -index 1
fpga -file C:/Users/Administrator/Desktop/lenet/LENET_SDK/my_net/my_net.sdk/design_1_wrapper_hw_platform_0/design_1_wrapper.bit
targets -set -nocase -filter {name =~"APU*" && jtag_cable_name =~ "Digilent Zed 210248A39B88"} -index 0
loadhw -hw C:/Users/Administrator/Desktop/lenet/LENET_SDK/my_net/my_net.sdk/design_1_wrapper_hw_platform_0/system.hdf -mem-ranges [list {0x40000000 0xbfffffff}]
configparams force-mem-access 1
targets -set -nocase -filter {name =~"APU*" && jtag_cable_name =~ "Digilent Zed 210248A39B88"} -index 0
ps7_init
ps7_post_config
targets -set -nocase -filter {name =~ "ARM*#0" && jtag_cable_name =~ "Digilent Zed 210248A39B88"} -index 0
dow C:/Users/Administrator/Desktop/lenet/LENET_SDK/my_net/my_net.sdk/sd/Debug/sd.elf
configparams force-mem-access 0
----------------End of Script----------------

22:57:10 INFO  : Memory regions updated for context APU
22:57:10 INFO  : Context for processor 'ps7_cortexa9_0' is selected.
22:57:10 INFO  : 'con' command is executed.
22:57:10 INFO  : ----------------XSDB Script (After Launch)----------------
targets -set -nocase -filter {name =~ "ARM*#0" && jtag_cable_name =~ "Digilent Zed 210248A39B88"} -index 0
con
----------------End of Script----------------

22:57:10 INFO  : Launch script is exported to file 'C:\Users\Administrator\Desktop\lenet\LENET_SDK\my_net\my_net.sdk\.sdk\launch_scripts\xilinx_c-c++_application_(system_debugger)\system_debugger_using_debug_sd.elf_on_local.tcl'
22:59:57 INFO  : Disconnected from the channel tcfchan#11.
22:59:58 INFO  : Connected to target on host '127.0.0.1' and port '3121'.
22:59:59 INFO  : Jtag cable 'Digilent Zed 210248A39B88' is selected.
22:59:59 INFO  : 'jtag frequency' command is executed.
22:59:59 INFO  : Sourcing of 'C:/Users/Administrator/Desktop/lenet/LENET_SDK/my_net/my_net.sdk/design_1_wrapper_hw_platform_0/ps7_init.tcl' is done.
22:59:59 INFO  : Context for 'APU' is selected.
22:59:59 INFO  : System reset is completed.
23:00:02 INFO  : 'after 3000' command is executed.
23:00:02 INFO  : 'targets -set -filter {jtag_cable_name =~ "Digilent Zed 210248A39B88" && level==0} -index 1' command is executed.
23:00:04 INFO  : FPGA configured successfully with bitstream "C:/Users/Administrator/Desktop/lenet/LENET_SDK/my_net/my_net.sdk/design_1_wrapper_hw_platform_0/design_1_wrapper.bit"
23:00:04 INFO  : Context for 'APU' is selected.
23:00:06 INFO  : Hardware design information is loaded from 'C:/Users/Administrator/Desktop/lenet/LENET_SDK/my_net/my_net.sdk/design_1_wrapper_hw_platform_0/system.hdf'.
23:00:06 INFO  : 'configparams force-mem-access 1' command is executed.
23:00:06 INFO  : Context for 'APU' is selected.
23:00:07 INFO  : 'ps7_init' command is executed.
23:00:07 INFO  : 'ps7_post_config' command is executed.
23:00:07 INFO  : Context for processor 'ps7_cortexa9_0' is selected.
23:00:07 INFO  : The application 'C:/Users/Administrator/Desktop/lenet/LENET_SDK/my_net/my_net.sdk/sd/Debug/sd.elf' is downloaded to processor 'ps7_cortexa9_0'.
23:00:07 INFO  : 'configparams force-mem-access 0' command is executed.
23:00:07 INFO  : ----------------XSDB Script----------------
connect -url tcp:127.0.0.1:3121
source C:/Users/Administrator/Desktop/lenet/LENET_SDK/my_net/my_net.sdk/design_1_wrapper_hw_platform_0/ps7_init.tcl
targets -set -nocase -filter {name =~"APU*" && jtag_cable_name =~ "Digilent Zed 210248A39B88"} -index 0
rst -system
after 3000
targets -set -filter {jtag_cable_name =~ "Digilent Zed 210248A39B88" && level==0} -index 1
fpga -file C:/Users/Administrator/Desktop/lenet/LENET_SDK/my_net/my_net.sdk/design_1_wrapper_hw_platform_0/design_1_wrapper.bit
targets -set -nocase -filter {name =~"APU*" && jtag_cable_name =~ "Digilent Zed 210248A39B88"} -index 0
loadhw -hw C:/Users/Administrator/Desktop/lenet/LENET_SDK/my_net/my_net.sdk/design_1_wrapper_hw_platform_0/system.hdf -mem-ranges [list {0x40000000 0xbfffffff}]
configparams force-mem-access 1
targets -set -nocase -filter {name =~"APU*" && jtag_cable_name =~ "Digilent Zed 210248A39B88"} -index 0
ps7_init
ps7_post_config
targets -set -nocase -filter {name =~ "ARM*#0" && jtag_cable_name =~ "Digilent Zed 210248A39B88"} -index 0
dow C:/Users/Administrator/Desktop/lenet/LENET_SDK/my_net/my_net.sdk/sd/Debug/sd.elf
configparams force-mem-access 0
----------------End of Script----------------

23:00:07 INFO  : Memory regions updated for context APU
23:00:07 INFO  : Context for processor 'ps7_cortexa9_0' is selected.
23:00:07 INFO  : 'con' command is executed.
23:00:07 INFO  : ----------------XSDB Script (After Launch)----------------
targets -set -nocase -filter {name =~ "ARM*#0" && jtag_cable_name =~ "Digilent Zed 210248A39B88"} -index 0
con
----------------End of Script----------------

23:00:07 INFO  : Launch script is exported to file 'C:\Users\Administrator\Desktop\lenet\LENET_SDK\my_net\my_net.sdk\.sdk\launch_scripts\xilinx_c-c++_application_(system_debugger)\system_debugger_using_debug_sd.elf_on_local.tcl'
23:05:16 WARN  : channel "tcfchan#1" closed
23:05:16 INFO  : Disconnected from the channel tcfchan#12.
23:16:40 INFO  : Registering command handlers for SDK TCF services
23:16:41 INFO  : Launching XSCT server: xsct.bat -interactive C:\Users\Administrator\Desktop\lenet\LENET_SDK\my_net\my_net.sdk\temp_xsdb_launch_script.tcl
23:16:44 INFO  : XSCT server has started successfully.
23:16:44 INFO  : Successfully done setting XSCT server connection channel  
23:16:44 INFO  : Successfully done setting SDK workspace  
23:16:44 INFO  : Processing command line option -hwspec C:/Users/Administrator/Desktop/lenet/LENET_SDK/my_net/my_net.sdk/design_1_wrapper.hdf.
23:16:44 INFO  : Checking for hwspec changes in the project design_1_wrapper_hw_platform_0.
23:16:48 INFO  : SDK has detected change in the last modified timestamps for source hardware specification file Source:1659885051845,  Project:1659878902146
23:16:48 INFO  : The hardware specification for project 'design_1_wrapper_hw_platform_0' is different from C:/Users/Administrator/Desktop/lenet/LENET_SDK/my_net/my_net.sdk/design_1_wrapper.hdf.
23:16:48 INFO  : Copied contents of C:/Users/Administrator/Desktop/lenet/LENET_SDK/my_net/my_net.sdk/design_1_wrapper.hdf into \design_1_wrapper_hw_platform_0\system.hdf.
23:16:51 INFO  : Synchronizing projects in the workspace with the hardware platform specification changes.
23:16:53 INFO  : 
23:16:54 INFO  : Updating hardware inferred compiler options for sd.
23:16:57 INFO  : Clearing existing target manager status.
23:17:50 INFO  : Connected to target on host '127.0.0.1' and port '3121'.
23:17:51 INFO  : Jtag cable 'Digilent Zed 210248A39B88' is selected.
23:17:51 INFO  : 'jtag frequency' command is executed.
23:17:51 INFO  : Sourcing of 'C:/Users/Administrator/Desktop/lenet/LENET_SDK/my_net/my_net.sdk/design_1_wrapper_hw_platform_0/ps7_init.tcl' is done.
23:17:51 INFO  : Context for 'APU' is selected.
23:17:51 INFO  : System reset is completed.
23:17:54 INFO  : 'after 3000' command is executed.
23:17:54 INFO  : 'targets -set -filter {jtag_cable_name =~ "Digilent Zed 210248A39B88" && level==0} -index 1' command is executed.
23:17:57 INFO  : FPGA configured successfully with bitstream "C:/Users/Administrator/Desktop/lenet/LENET_SDK/my_net/my_net.sdk/design_1_wrapper_hw_platform_0/design_1_wrapper.bit"
23:17:57 INFO  : Context for 'APU' is selected.
23:17:57 INFO  : Hardware design information is loaded from 'C:/Users/Administrator/Desktop/lenet/LENET_SDK/my_net/my_net.sdk/design_1_wrapper_hw_platform_0/system.hdf'.
23:17:57 INFO  : 'configparams force-mem-access 1' command is executed.
23:17:57 INFO  : Context for 'APU' is selected.
23:17:57 INFO  : 'ps7_init' command is executed.
23:17:57 INFO  : 'ps7_post_config' command is executed.
23:17:57 INFO  : Context for processor 'ps7_cortexa9_0' is selected.
23:17:57 INFO  : The application 'C:/Users/Administrator/Desktop/lenet/LENET_SDK/my_net/my_net.sdk/sd/Debug/sd.elf' is downloaded to processor 'ps7_cortexa9_0'.
23:17:57 INFO  : 'configparams force-mem-access 0' command is executed.
23:17:57 INFO  : ----------------XSDB Script----------------
connect -url tcp:127.0.0.1:3121
source C:/Users/Administrator/Desktop/lenet/LENET_SDK/my_net/my_net.sdk/design_1_wrapper_hw_platform_0/ps7_init.tcl
targets -set -nocase -filter {name =~"APU*" && jtag_cable_name =~ "Digilent Zed 210248A39B88"} -index 0
rst -system
after 3000
targets -set -filter {jtag_cable_name =~ "Digilent Zed 210248A39B88" && level==0} -index 1
fpga -file C:/Users/Administrator/Desktop/lenet/LENET_SDK/my_net/my_net.sdk/design_1_wrapper_hw_platform_0/design_1_wrapper.bit
targets -set -nocase -filter {name =~"APU*" && jtag_cable_name =~ "Digilent Zed 210248A39B88"} -index 0
loadhw -hw C:/Users/Administrator/Desktop/lenet/LENET_SDK/my_net/my_net.sdk/design_1_wrapper_hw_platform_0/system.hdf -mem-ranges [list {0x40000000 0xbfffffff}]
configparams force-mem-access 1
targets -set -nocase -filter {name =~"APU*" && jtag_cable_name =~ "Digilent Zed 210248A39B88"} -index 0
ps7_init
ps7_post_config
targets -set -nocase -filter {name =~ "ARM*#0" && jtag_cable_name =~ "Digilent Zed 210248A39B88"} -index 0
dow C:/Users/Administrator/Desktop/lenet/LENET_SDK/my_net/my_net.sdk/sd/Debug/sd.elf
configparams force-mem-access 0
----------------End of Script----------------

23:17:57 INFO  : Memory regions updated for context APU
23:17:58 INFO  : Context for processor 'ps7_cortexa9_0' is selected.
23:17:58 INFO  : 'con' command is executed.
23:17:58 INFO  : ----------------XSDB Script (After Launch)----------------
targets -set -nocase -filter {name =~ "ARM*#0" && jtag_cable_name =~ "Digilent Zed 210248A39B88"} -index 0
con
----------------End of Script----------------

23:17:58 INFO  : Launch script is exported to file 'C:\Users\Administrator\Desktop\lenet\LENET_SDK\my_net\my_net.sdk\.sdk\launch_scripts\xilinx_c-c++_application_(system_debugger)\system_debugger_using_debug_sd.elf_on_local.tcl'
23:18:26 INFO  : Disconnected from the channel tcfchan#1.
23:18:27 INFO  : Connected to target on host '127.0.0.1' and port '3121'.
23:18:27 INFO  : Jtag cable 'Digilent Zed 210248A39B88' is selected.
23:18:27 INFO  : 'jtag frequency' command is executed.
23:18:27 INFO  : Sourcing of 'C:/Users/Administrator/Desktop/lenet/LENET_SDK/my_net/my_net.sdk/design_1_wrapper_hw_platform_0/ps7_init.tcl' is done.
23:18:27 INFO  : Context for 'APU' is selected.
23:18:28 INFO  : System reset is completed.
23:18:31 INFO  : 'after 3000' command is executed.
23:18:31 INFO  : 'targets -set -filter {jtag_cable_name =~ "Digilent Zed 210248A39B88" && level==0} -index 1' command is executed.
23:18:33 INFO  : FPGA configured successfully with bitstream "C:/Users/Administrator/Desktop/lenet/LENET_SDK/my_net/my_net.sdk/design_1_wrapper_hw_platform_0/design_1_wrapper.bit"
23:18:33 INFO  : Context for 'APU' is selected.
23:18:35 INFO  : Hardware design information is loaded from 'C:/Users/Administrator/Desktop/lenet/LENET_SDK/my_net/my_net.sdk/design_1_wrapper_hw_platform_0/system.hdf'.
23:18:35 INFO  : 'configparams force-mem-access 1' command is executed.
23:18:35 INFO  : Context for 'APU' is selected.
23:18:35 INFO  : 'ps7_init' command is executed.
23:18:35 INFO  : 'ps7_post_config' command is executed.
23:18:35 INFO  : Context for processor 'ps7_cortexa9_0' is selected.
23:18:36 INFO  : The application 'C:/Users/Administrator/Desktop/lenet/LENET_SDK/my_net/my_net.sdk/sd/Debug/sd.elf' is downloaded to processor 'ps7_cortexa9_0'.
23:18:36 INFO  : 'configparams force-mem-access 0' command is executed.
23:18:36 INFO  : ----------------XSDB Script----------------
connect -url tcp:127.0.0.1:3121
source C:/Users/Administrator/Desktop/lenet/LENET_SDK/my_net/my_net.sdk/design_1_wrapper_hw_platform_0/ps7_init.tcl
targets -set -nocase -filter {name =~"APU*" && jtag_cable_name =~ "Digilent Zed 210248A39B88"} -index 0
rst -system
after 3000
targets -set -filter {jtag_cable_name =~ "Digilent Zed 210248A39B88" && level==0} -index 1
fpga -file C:/Users/Administrator/Desktop/lenet/LENET_SDK/my_net/my_net.sdk/design_1_wrapper_hw_platform_0/design_1_wrapper.bit
targets -set -nocase -filter {name =~"APU*" && jtag_cable_name =~ "Digilent Zed 210248A39B88"} -index 0
loadhw -hw C:/Users/Administrator/Desktop/lenet/LENET_SDK/my_net/my_net.sdk/design_1_wrapper_hw_platform_0/system.hdf -mem-ranges [list {0x40000000 0xbfffffff}]
configparams force-mem-access 1
targets -set -nocase -filter {name =~"APU*" && jtag_cable_name =~ "Digilent Zed 210248A39B88"} -index 0
ps7_init
ps7_post_config
targets -set -nocase -filter {name =~ "ARM*#0" && jtag_cable_name =~ "Digilent Zed 210248A39B88"} -index 0
dow C:/Users/Administrator/Desktop/lenet/LENET_SDK/my_net/my_net.sdk/sd/Debug/sd.elf
configparams force-mem-access 0
----------------End of Script----------------

23:18:36 INFO  : Memory regions updated for context APU
23:18:36 INFO  : Context for processor 'ps7_cortexa9_0' is selected.
23:18:36 INFO  : 'con' command is executed.
23:18:36 INFO  : ----------------XSDB Script (After Launch)----------------
targets -set -nocase -filter {name =~ "ARM*#0" && jtag_cable_name =~ "Digilent Zed 210248A39B88"} -index 0
con
----------------End of Script----------------

23:18:36 INFO  : Launch script is exported to file 'C:\Users\Administrator\Desktop\lenet\LENET_SDK\my_net\my_net.sdk\.sdk\launch_scripts\xilinx_c-c++_application_(system_debugger)\system_debugger_using_debug_sd.elf_on_local.tcl'
23:22:43 INFO  : Disconnected from the channel tcfchan#2.
16:10:46 INFO  : Registering command handlers for SDK TCF services
16:10:47 INFO  : Launching XSCT server: xsct.bat -interactive C:\Users\Administrator\Desktop\lenet\LENET_SDK\my_net\my_net.sdk\temp_xsdb_launch_script.tcl
16:10:49 INFO  : XSCT server has started successfully.
16:10:50 INFO  : Successfully done setting XSCT server connection channel  
16:10:50 INFO  : Successfully done setting SDK workspace  
16:10:50 INFO  : Processing command line option -hwspec C:/Users/Administrator/Desktop/lenet/LENET_SDK/my_net/my_net.sdk/design_1_wrapper.hdf.
16:10:50 INFO  : Checking for hwspec changes in the project design_1_wrapper_hw_platform_0.
16:10:54 INFO  : SDK has detected change in the last modified timestamps for source hardware specification file Source:1659886653135,  Project:1659885051845
16:10:54 INFO  : The hardware specification for project 'design_1_wrapper_hw_platform_0' is different from C:/Users/Administrator/Desktop/lenet/LENET_SDK/my_net/my_net.sdk/design_1_wrapper.hdf.
16:10:54 INFO  : Copied contents of C:/Users/Administrator/Desktop/lenet/LENET_SDK/my_net/my_net.sdk/design_1_wrapper.hdf into \design_1_wrapper_hw_platform_0\system.hdf.
16:10:57 INFO  : Synchronizing projects in the workspace with the hardware platform specification changes.
16:11:00 INFO  : 
16:11:01 INFO  : Updating hardware inferred compiler options for sd.
16:11:02 INFO  : Clearing existing target manager status.
16:12:40 INFO  : Connected to target on host '127.0.0.1' and port '3121'.
16:12:41 INFO  : Jtag cable 'Digilent Zed 210248A39B88' is selected.
16:12:41 INFO  : 'jtag frequency' command is executed.
16:12:41 INFO  : Sourcing of 'C:/Users/Administrator/Desktop/lenet/LENET_SDK/my_net/my_net.sdk/design_1_wrapper_hw_platform_0/ps7_init.tcl' is done.
16:12:41 INFO  : Context for 'APU' is selected.
16:12:42 INFO  : System reset is completed.
16:12:45 INFO  : 'after 3000' command is executed.
16:12:45 INFO  : 'targets -set -filter {jtag_cable_name =~ "Digilent Zed 210248A39B88" && level==0} -index 1' command is executed.
16:12:47 INFO  : FPGA configured successfully with bitstream "C:/Users/Administrator/Desktop/lenet/LENET_SDK/my_net/my_net.sdk/design_1_wrapper_hw_platform_0/design_1_wrapper.bit"
16:12:47 INFO  : Context for 'APU' is selected.
16:12:47 INFO  : Hardware design information is loaded from 'C:/Users/Administrator/Desktop/lenet/LENET_SDK/my_net/my_net.sdk/design_1_wrapper_hw_platform_0/system.hdf'.
16:12:47 INFO  : 'configparams force-mem-access 1' command is executed.
16:12:47 INFO  : Context for 'APU' is selected.
16:12:48 INFO  : 'ps7_init' command is executed.
16:12:48 INFO  : 'ps7_post_config' command is executed.
16:12:48 INFO  : Context for processor 'ps7_cortexa9_0' is selected.
16:12:48 INFO  : The application 'C:/Users/Administrator/Desktop/lenet/LENET_SDK/my_net/my_net.sdk/sd/Debug/sd.elf' is downloaded to processor 'ps7_cortexa9_0'.
16:12:48 INFO  : 'configparams force-mem-access 0' command is executed.
16:12:48 INFO  : ----------------XSDB Script----------------
connect -url tcp:127.0.0.1:3121
source C:/Users/Administrator/Desktop/lenet/LENET_SDK/my_net/my_net.sdk/design_1_wrapper_hw_platform_0/ps7_init.tcl
targets -set -nocase -filter {name =~"APU*" && jtag_cable_name =~ "Digilent Zed 210248A39B88"} -index 0
rst -system
after 3000
targets -set -filter {jtag_cable_name =~ "Digilent Zed 210248A39B88" && level==0} -index 1
fpga -file C:/Users/Administrator/Desktop/lenet/LENET_SDK/my_net/my_net.sdk/design_1_wrapper_hw_platform_0/design_1_wrapper.bit
targets -set -nocase -filter {name =~"APU*" && jtag_cable_name =~ "Digilent Zed 210248A39B88"} -index 0
loadhw -hw C:/Users/Administrator/Desktop/lenet/LENET_SDK/my_net/my_net.sdk/design_1_wrapper_hw_platform_0/system.hdf -mem-ranges [list {0x40000000 0xbfffffff}]
configparams force-mem-access 1
targets -set -nocase -filter {name =~"APU*" && jtag_cable_name =~ "Digilent Zed 210248A39B88"} -index 0
ps7_init
ps7_post_config
targets -set -nocase -filter {name =~ "ARM*#0" && jtag_cable_name =~ "Digilent Zed 210248A39B88"} -index 0
dow C:/Users/Administrator/Desktop/lenet/LENET_SDK/my_net/my_net.sdk/sd/Debug/sd.elf
configparams force-mem-access 0
----------------End of Script----------------

16:12:48 INFO  : Memory regions updated for context APU
16:12:48 INFO  : Context for processor 'ps7_cortexa9_0' is selected.
16:12:48 INFO  : 'con' command is executed.
16:12:48 INFO  : ----------------XSDB Script (After Launch)----------------
targets -set -nocase -filter {name =~ "ARM*#0" && jtag_cable_name =~ "Digilent Zed 210248A39B88"} -index 0
con
----------------End of Script----------------

16:12:48 INFO  : Launch script is exported to file 'C:\Users\Administrator\Desktop\lenet\LENET_SDK\my_net\my_net.sdk\.sdk\launch_scripts\xilinx_c-c++_application_(system_debugger)\system_debugger_using_debug_sd.elf_on_local.tcl'
16:23:41 INFO  : Disconnected from the channel tcfchan#1.
