#-----------------------------------------------------------
# Vivado v2019.1 (64-bit)
# SW Build 2552052 on Fri May 24 14:49:42 MDT 2019
# IP Build 2548770 on Fri May 24 18:01:18 MDT 2019
# Start of session at: Sat Aug  6 22:33:06 2022
# Process ID: 2840
# Current directory: C:/Users/Administrator/Desktop/lenet/LENET_SDK/my_net
# Command line: vivado.exe -gui_launcher_event rodinguilauncherevent3788 C:\Users\Administrator\Desktop\lenet\LENET_SDK\my_net\my_net.xpr
# Log file: C:/Users/Administrator/Desktop/lenet/LENET_SDK/my_net/vivado.log
# Journal file: C:/Users/Administrator/Desktop/lenet/LENET_SDK/my_net\vivado.jou
#-----------------------------------------------------------
start_gui
open_project C:/Users/Administrator/Desktop/lenet/LENET_SDK/my_net/my_net.xpr
Scanning sources...
Finished scanning sources
INFO: [IP_Flow 19-234] Refreshing IP repositories
INFO: [IP_Flow 19-1700] Loaded user IP repository 'c:/Users/Administrator/Desktop/lenet/LENET_SDK/lenet_ip/ip'.
INFO: [IP_Flow 19-2313] Loaded Vivado IP repository 'E:/design/vivado2019/Vivado/2019.1/data/ip'.
open_project: Time (s): cpu = 00:00:17 ; elapsed = 00:00:11 . Memory (MB): peak = 875.617 ; gain = 189.180
update_compile_order -fileset sources_1
launch_sdk -workspace C:/Users/Administrator/Desktop/lenet/LENET_SDK/my_net/my_net.sdk -hwspec C:/Users/Administrator/Desktop/lenet/LENET_SDK/my_net/my_net.sdk/design_1_wrapper.hdf
INFO: [Vivado 12-393] Launching SDK...
INFO: [Vivado 12-417] Running xsdk -workspace C:/Users/Administrator/Desktop/lenet/LENET_SDK/my_net/my_net.sdk -hwspec C:/Users/Administrator/Desktop/lenet/LENET_SDK/my_net/my_net.sdk/design_1_wrapper.hdf
INFO: [Vivado 12-3157] SDK launch initiated. Please check console for any further messages.
exit
INFO: [Common 17-206] Exiting Vivado at Sat Aug  6 22:36:27 2022...
