#-----------------------------------------------------------
# Vivado v2019.1 (64-bit)
# SW Build 2552052 on Fri May 24 14:49:42 MDT 2019
# IP Build 2548770 on Fri May 24 18:01:18 MDT 2019
# Start of session at: Sat Aug  6 22:16:32 2022
# Process ID: 2872
# Current directory: C:/Users/Administrator/Desktop/lenet/LENET_SDK/my_net
# Command line: vivado.exe -gui_launcher_event rodinguilauncherevent1548 C:\Users\Administrator\Desktop\lenet\LENET_SDK\my_net\my_net.xpr
# Log file: C:/Users/Administrator/Desktop/lenet/LENET_SDK/my_net/vivado.log
# Journal file: C:/Users/Administrator/Desktop/lenet/LENET_SDK/my_net\vivado.jou
#-----------------------------------------------------------
start_gui
open_project C:/Users/Administrator/Desktop/lenet/LENET_SDK/my_net/my_net.xpr
Scanning sources...
Finished scanning sources
INFO: [IP_Flow 19-234] Refreshing IP repositories
INFO: [IP_Flow 19-1700] Loaded user IP repository 'c:/Users/Administrator/Desktop/lenet/LENET_SDK/lenet_ip/ip'.
INFO: [IP_Flow 19-2313] Loaded Vivado IP repository 'E:/design/vivado2019/Vivado/2019.1/data/ip'.
open_project: Time (s): cpu = 00:00:17 ; elapsed = 00:00:11 . Memory (MB): peak = 890.730 ; gain = 203.902
update_compile_order -fileset sources_1
launch_sdk -workspace C:/Users/Administrator/Desktop/lenet/LENET_SDK/my_net/my_net.sdk -hwspec C:/Users/Administrator/Desktop/lenet/LENET_SDK/my_net/my_net.sdk/design_1_wrapper.hdf
INFO: [Vivado 12-393] Launching SDK...
INFO: [Vivado 12-417] Running xsdk -workspace C:/Users/Administrator/Desktop/lenet/LENET_SDK/my_net/my_net.sdk -hwspec C:/Users/Administrator/Desktop/lenet/LENET_SDK/my_net/my_net.sdk/design_1_wrapper.hdf
INFO: [Vivado 12-3157] SDK launch initiated. Please check console for any further messages.
open_bd_design {C:/Users/Administrator/Desktop/lenet/LENET_SDK/my_net/my_net.srcs/sources_1/bd/design_1/design_1.bd}
Adding component instance block -- xilinx.com:ip:processing_system7:5.5 - processing_system7_0
Adding component instance block -- xilinx.com:ip:blk_mem_gen:8.4 - blk_mem_gen_0
Adding component instance block -- xilinx.com:ip:blk_mem_gen:8.4 - blk_mem_gen_1
Adding component instance block -- xilinx.com:ip:axi_bram_ctrl:4.1 - axi_bram_ctrl_0
Adding component instance block -- xilinx.com:ip:axi_bram_ctrl:4.1 - axi_bram_ctrl_1
Adding component instance block -- xilinx.com:hls:my_net:1.0 - my_net_0
Adding component instance block -- xilinx.com:ip:smartconnect:1.0 - axi_smc
Adding component instance block -- xilinx.com:ip:proc_sys_reset:5.0 - rst_ps7_0_100M
Successfully read diagram <design_1> from BD file <C:/Users/Administrator/Desktop/lenet/LENET_SDK/my_net/my_net.srcs/sources_1/bd/design_1/design_1.bd>
open_bd_design: Time (s): cpu = 00:00:09 ; elapsed = 00:00:07 . Memory (MB): peak = 1110.004 ; gain = 45.449
exit
INFO: [Common 17-206] Exiting Vivado at Sat Aug  6 22:32:58 2022...
