#-----------------------------------------------------------
# Vivado v2019.1 (64-bit)
# SW Build 2552052 on Fri May 24 14:49:42 MDT 2019
# IP Build 2548770 on Fri May 24 18:01:18 MDT 2019
# Start of session at: Mon Aug  8 16:10:03 2022
# Process ID: 2252
# Current directory: C:/Users/Administrator/Desktop/lenet/LENET_SDK/my_net
# Command line: vivado.exe -gui_launcher_event rodinguilauncherevent8124 C:\Users\Administrator\Desktop\lenet\LENET_SDK\my_net\my_net.xpr
# Log file: C:/Users/Administrator/Desktop/lenet/LENET_SDK/my_net/vivado.log
# Journal file: C:/Users/Administrator/Desktop/lenet/LENET_SDK/my_net\vivado.jou
#-----------------------------------------------------------
start_gui
open_project C:/Users/Administrator/Desktop/lenet/LENET_SDK/my_net/my_net.xpr
Scanning sources...
Finished scanning sources
INFO: [IP_Flow 19-234] Refreshing IP repositories
INFO: [IP_Flow 19-1700] Loaded user IP repository 'c:/Users/Administrator/Desktop/lenet/LENET_SDK/lenet_ip/ip'.
INFO: [IP_Flow 19-2313] Loaded Vivado IP repository 'E:/design/vivado2019/Vivado/2019.1/data/ip'.
open_project: Time (s): cpu = 00:00:18 ; elapsed = 00:00:12 . Memory (MB): peak = 924.781 ; gain = 276.309
update_compile_order -fileset sources_1
file copy -force C:/Users/Administrator/Desktop/lenet/LENET_SDK/my_net/my_net.runs/impl_1/design_1_wrapper.sysdef C:/Users/Administrator/Desktop/lenet/LENET_SDK/my_net/my_net.sdk/design_1_wrapper.hdf

launch_sdk -workspace C:/Users/Administrator/Desktop/lenet/LENET_SDK/my_net/my_net.sdk -hwspec C:/Users/Administrator/Desktop/lenet/LENET_SDK/my_net/my_net.sdk/design_1_wrapper.hdf
INFO: [Vivado 12-393] Launching SDK...
INFO: [Vivado 12-417] Running xsdk -workspace C:/Users/Administrator/Desktop/lenet/LENET_SDK/my_net/my_net.sdk -hwspec C:/Users/Administrator/Desktop/lenet/LENET_SDK/my_net/my_net.sdk/design_1_wrapper.hdf
INFO: [Vivado 12-3157] SDK launch initiated. Please check console for any further messages.
open_bd_design {C:/Users/Administrator/Desktop/lenet/LENET_SDK/my_net/my_net.srcs/sources_1/bd/design_1/design_1.bd}
Adding component instance block -- xilinx.com:ip:processing_system7:5.5 - processing_system7_0
Adding component instance block -- xilinx.com:ip:blk_mem_gen:8.4 - blk_mem_gen_0
Adding component instance block -- xilinx.com:ip:blk_mem_gen:8.4 - blk_mem_gen_1
Adding component instance block -- xilinx.com:ip:axi_bram_ctrl:4.1 - axi_bram_ctrl_0
Adding component instance block -- xilinx.com:ip:axi_bram_ctrl:4.1 - axi_bram_ctrl_1
Adding component instance block -- xilinx.com:hls:my_net:1.0 - my_net_0
Adding component instance block -- xilinx.com:ip:smartconnect:1.0 - axi_smc
Adding component instance block -- xilinx.com:ip:proc_sys_reset:5.0 - rst_ps7_0_100M
Successfully read diagram <design_1> from BD file <C:/Users/Administrator/Desktop/lenet/LENET_SDK/my_net/my_net.srcs/sources_1/bd/design_1/design_1.bd>
open_bd_design: Time (s): cpu = 00:00:08 ; elapsed = 00:00:07 . Memory (MB): peak = 1141.828 ; gain = 0.000
set_property range 8K [get_bd_addr_segs {processing_system7_0/Data/SEG_axi_bram_ctrl_1_Mem0}]
set_property range 4K [get_bd_addr_segs {processing_system7_0/Data/SEG_axi_bram_ctrl_1_Mem0}]
WARNING: [IP_Flow 19-4067] Ignoring invalid widget type specified checkbox.Providing a default widget
WARNING: [IP_Flow 19-4067] Ignoring invalid widget type specified checkbox.Providing a default widget
WARNING: [IP_Flow 19-4067] Ignoring invalid widget type specified checkbox.Providing a default widget
WARNING: [IP_Flow 19-4067] Ignoring invalid widget type specified checkbox.Providing a default widget
WARNING: [IP_Flow 19-4067] Ignoring invalid widget type specified checkbox.Providing a default widget
WARNING: [IP_Flow 19-4067] Ignoring invalid widget type specified checkbox.Providing a default widget
exit
INFO: [Common 17-206] Exiting Vivado at Mon Aug  8 16:25:42 2022...
