22:27:13 **** Auto Build of configuration Debug for project lenet ****
make pre-build main-build 
a9-linaro-pre-build-step
' '
'Building file: ../src/helloworld.c'
'Invoking: ARM v7 gcc compiler'
arm-none-eabi-gcc -Wall -O0 -g3 -c -fmessage-length=0 -MT"src/helloworld.o" -mcpu=cortex-a9 -mfpu=vfpv3 -mfloat-abi=hard -I../../lenet_bsp/ps7_cortexa9_0/include -MMD -MP -MF"src/helloworld.d" -MT"src/helloworld.o" -o "src/helloworld.o" "../src/helloworld.c"
../src/helloworld.c: In function 'main':
../src/helloworld.c:139:2: warning: implicit declaration of function 'Xil_DCacheDisable' [-Wimplicit-function-declaration]
  Xil_DCacheDisable();
  ^~~~~~~~~~~~~~~~~
../src/helloworld.c:157:14: warning: passing argument 1 of 'print' makes pointer from integer without a cast [-Wint-conversion]
    print(data[n++]);
          ~~~~^~~~~
In file included from ../src/helloworld.c:50:
../../lenet_bsp/ps7_cortexa9_0/include/xil_printf.h:40:26: note: expected 'const char8 *' {aka 'const char *'} but argument is of type 'int'
 void print( const char8 *ptr);
             ~~~~~~~~~~~~~^~~
../src/helloworld.c:192:3: warning: implicit declaration of function 'xil_print'; did you mean 'xil_printf'? [-Wimplicit-function-declaration]
   xil_print("recongnize result:%f\n",recvf);
   ^~~~~~~~~
   xil_printf
../src/helloworld.c:137:8: warning: unused variable 'p' [-Wunused-variable]
  char *p;
        ^
../src/helloworld.c:132:7: warning: unused variable 'str_rd' [-Wunused-variable]
  char str_rd[50] = "";
       ^~~~~~
../src/helloworld.c:131:6: warning: unused variable 'dest_str1' [-Wunused-variable]
  int dest_str1[3072] = {0};
      ^~~~~~~~~
../src/helloworld.c:130:6: warning: unused variable 'dest_str' [-Wunused-variable]
  int dest_str[5000];
      ^~~~~~~~
../src/helloworld.c:129:6: warning: unused variable 'br' [-Wunused-variable]
  int br;
      ^~
../src/helloworld.c:128:6: warning: unused variable 'fil' [-Wunused-variable]
  FIL fil;
      ^~~
'Finished building: ../src/helloworld.c'
' '
'Building target: lenet.elf'
'Invoking: ARM v7 gcc linker'
arm-none-eabi-gcc -mcpu=cortex-a9 -mfpu=vfpv3 -mfloat-abi=hard -Wl,-build-id=none -specs=Xilinx.spec -Wl,-T -Wl,../src/lscript.ld -L../../lenet_bsp/ps7_cortexa9_0/lib -o "lenet.elf"  ./src/helloworld.o ./src/platform.o   -Wl,--start-group,-lxil,-lgcc,-lc,--end-group
e:/design/vivado2019/sdk/2019.1/gnu/aarch32/nt/gcc-arm-none-eabi/bin/../lib/gcc/arm-none-eabi/8.2.0/../../../../arm-none-eabi/bin/ld.exe: ./src/helloworld.o: in function `sd_mount':
C:\Users\Administrator\Desktop\lenet\LENET_SDK\my_net\my_net.sdk\lenet\Debug/../src/helloworld.c:86: undefined reference to `f_mount'
e:/design/vivado2019/sdk/2019.1/gnu/aarch32/nt/gcc-arm-none-eabi/bin/../lib/gcc/arm-none-eabi/8.2.0/../../../../arm-none-eabi/bin/ld.exe: C:\Users\Administrator\Desktop\lenet\LENET_SDK\my_net\my_net.sdk\lenet\Debug/../src/helloworld.c:90: undefined reference to `f_mkfs'
e:/design/vivado2019/sdk/2019.1/gnu/aarch32/nt/gcc-arm-none-eabi/bin/../lib/gcc/arm-none-eabi/8.2.0/../../../../arm-none-eabi/bin/ld.exe: C:\Users\Administrator\Desktop\lenet\LENET_SDK\my_net\my_net.sdk\lenet\Debug/../src/helloworld.c:91: undefined reference to `f_mount'
e:/design/vivado2019/sdk/2019.1/gnu/aarch32/nt/gcc-arm-none-eabi/bin/../lib/gcc/arm-none-eabi/8.2.0/../../../../arm-none-eabi/bin/ld.exe: ./src/helloworld.o: in function `sd_write_data':
C:\Users\Administrator\Desktop\lenet\LENET_SDK\my_net\my_net.sdk\lenet\Debug/../src/helloworld.c:101: undefined reference to `f_open'
e:/design/vivado2019/sdk/2019.1/gnu/aarch32/nt/gcc-arm-none-eabi/bin/../lib/gcc/arm-none-eabi/8.2.0/../../../../arm-none-eabi/bin/ld.exe: C:\Users\Administrator\Desktop\lenet\LENET_SDK\my_net\my_net.sdk\lenet\Debug/../src/helloworld.c:103: undefined reference to `f_lseek'
e:/design/vivado2019/sdk/2019.1/gnu/aarch32/nt/gcc-arm-none-eabi/bin/../lib/gcc/arm-none-eabi/8.2.0/../../../../arm-none-eabi/bin/ld.exe: C:\Users\Administrator\Desktop\lenet\LENET_SDK\my_net\my_net.sdk\lenet\Debug/../src/helloworld.c:105: undefined reference to `f_write'
e:/design/vivado2019/sdk/2019.1/gnu/aarch32/nt/gcc-arm-none-eabi/bin/../lib/gcc/arm-none-eabi/8.2.0/../../../../arm-none-eabi/bin/ld.exe: C:\Users\Administrator\Desktop\lenet\LENET_SDK\my_net\my_net.sdk\lenet\Debug/../src/helloworld.c:107: undefined reference to `f_close'
e:/design/vivado2019/sdk/2019.1/gnu/aarch32/nt/gcc-arm-none-eabi/bin/../lib/gcc/arm-none-eabi/8.2.0/../../../../arm-none-eabi/bin/ld.exe: ./src/helloworld.o: in function `sd_read_data':
C:\Users\Administrator\Desktop\lenet\LENET_SDK\my_net\my_net.sdk\lenet\Debug/../src/helloworld.c:115: undefined reference to `f_open'
e:/design/vivado2019/sdk/2019.1/gnu/aarch32/nt/gcc-arm-none-eabi/bin/../lib/gcc/arm-none-eabi/8.2.0/../../../../arm-none-eabi/bin/ld.exe: C:\Users\Administrator\Desktop\lenet\LENET_SDK\my_net\my_net.sdk\lenet\Debug/../src/helloworld.c:117: undefined reference to `f_lseek'
e:/design/vivado2019/sdk/2019.1/gnu/aarch32/nt/gcc-arm-none-eabi/bin/../lib/gcc/arm-none-eabi/8.2.0/../../../../arm-none-eabi/bin/ld.exe: C:\Users\Administrator\Desktop\lenet\LENET_SDK\my_net\my_net.sdk\lenet\Debug/../src/helloworld.c:119: undefined reference to `f_read'
e:/design/vivado2019/sdk/2019.1/gnu/aarch32/nt/gcc-arm-none-eabi/bin/../lib/gcc/arm-none-eabi/8.2.0/../../../../arm-none-eabi/bin/ld.exe: C:\Users\Administrator\Desktop\lenet\LENET_SDK\my_net\my_net.sdk\lenet\Debug/../src/helloworld.c:121: undefined reference to `f_close'
e:/design/vivado2019/sdk/2019.1/gnu/aarch32/nt/gcc-arm-none-eabi/bin/../lib/gcc/arm-none-eabi/8.2.0/../../../../arm-none-eabi/bin/ld.exe: ./src/helloworld.o: in function `main':
C:\Users\Administrator\Desktop\lenet\LENET_SDK\my_net\my_net.sdk\lenet\Debug/../src/helloworld.c:192: undefined reference to `xil_print'
collect2.exe: error: ld returned 1 exit status
make: *** [makefile:41: lenet.elf] Error 1

22:27:14 Build Finished (took 620ms)

