

================================================================
== Vivado HLS Report for 'my_net'
================================================================
* Date:           Sat Aug  6 17:20:14 2022

* Version:        2019.1 (Build 2552052 on Fri May 24 15:28:33 MDT 2019)
* Project:        my_net
* Solution:       solution1
* Product family: zynq
* Target device:  xc7z020-clg484-1


================================================================
== Performance Estimates
================================================================
+ Timing (ns): 
    * Summary: 
    +--------+-------+----------+------------+
    |  Clock | Target| Estimated| Uncertainty|
    +--------+-------+----------+------------+
    |ap_clk  |  10.00|     8.758|        1.25|
    +--------+-------+----------+------------+

+ Latency (clock cycles): 
    * Summary: 
    +----------+----------+----------+----------+---------+
    |       Latency       |       Interval      | Pipeline|
    |    min   |    max   |    min   |    max   |   Type  |
    +----------+----------+----------+----------+---------+
    |  30662206|  30662206|  30662206|  30662206|   none  |
    +----------+----------+----------+----------+---------+

    + Detail: 
        * Instance: 
        +---------------------+---------+--------+--------+--------+--------+---------+
        |                     |         |     Latency     |     Interval    | Pipeline|
        |       Instance      |  Module |   min  |   max  |   min  |   max  |   Type  |
        +---------------------+---------+--------+--------+--------+--------+---------+
        |grp_conv2_fu_1095    |conv2    |   31221|   31221|   31221|   31221|   none  |
        |grp_conv2_1_fu_1107  |conv2_1  |  244665|  244665|  244665|  244665|   none  |
        |grp_pool_1_fu_1119   |pool_1   |    4537|    4537|    4537|    4537|   none  |
        |grp_pool_fu_1127     |pool     |     586|     586|     586|     586|   none  |
        +---------------------+---------+--------+--------+--------+--------+---------+

        * Loop: 
        +--------------------+----------+----------+----------+-----------+-----------+------+----------+
        |                    |       Latency       | Iteration|  Initiation Interval  | Trip |          |
        |      Loop Name     |    min   |    max   |  Latency |  achieved |   target  | Count| Pipelined|
        +--------------------+----------+----------+----------+-----------+-----------+------+----------+
        |- Loop 1            |     30726|     30726|     10242|          -|          -|     3|    no    |
        | + Loop 1.1         |     10240|     10240|        10|          -|          -|  1024|    no    |
        |- Loop 2            |  12684944|  12684944|    792809|          -|          -|    16|    no    |
        | + memset_output1   |       783|       783|         1|          -|          -|   784|    no    |
        | + memset_output2   |       783|       783|         1|          -|          -|   784|    no    |
        | + Loop 2.3         |    752820|    752820|    250940|          -|          -|     3|    no    |
        |  ++ Loop 2.3.1     |      6272|      6272|         8|          -|          -|   784|    no    |
        | + Loop 2.4         |      6272|      6272|         8|          -|          -|   784|    no    |
        | + Loop 2.5         |     32144|     32144|        41|          -|          -|   784|    no    |
        |- Loop 3            |     72624|     72624|      4539|          -|          -|    16|    no    |
        |- Loop 4            |  16559648|  16559648|    517489|          -|          -|    32|    no    |
        | + memset_output15  |        99|        99|         1|          -|          -|   100|    no    |
        | + memset_output26  |        99|        99|         1|          -|          -|   100|    no    |
        | + Loop 4.3         |    512384|    512384|     32024|          -|          -|    16|    no    |
        |  ++ Loop 4.3.1     |       800|       800|         8|          -|          -|   100|    no    |
        | + Loop 4.4         |       800|       800|         8|          -|          -|   100|    no    |
        | + Loop 4.5         |      4100|      4100|        41|          -|          -|   100|    no    |
        |- Loop 5            |     18816|     18816|       588|          -|          -|    32|    no    |
        |- Loop 6            |      1664|      1664|        52|          -|          -|    32|    no    |
        | + Loop 6.1         |        50|        50|         2|          -|          -|    25|    no    |
        |- Loop 7            |    576540|    576540|      9609|          -|          -|    60|    no    |
        | + Loop 7.1         |      9600|      9600|        12|          -|          -|   800|    no    |
        |- Loop 8            |    576540|    576540|      9609|          -|          -|    60|    no    |
        | + Loop 8.1         |      9600|      9600|        12|          -|          -|   800|    no    |
        |- Loop 9            |      4920|      4920|        41|          -|          -|   120|    no    |
        |- Loop 10           |    121716|    121716|      1449|          -|          -|    84|    no    |
        | + Loop 10.1        |      1440|      1440|        12|          -|          -|   120|    no    |
        |- Loop 11           |      3444|      3444|        41|          -|          -|    84|    no    |
        |- Loop 12           |     10170|     10170|      1017|          -|          -|    10|    no    |
        | + Loop 12.1        |      1008|      1008|        12|          -|          -|    84|    no    |
        |- Loop 13           |       410|       410|        41|          -|          -|    10|    no    |
        |- Loop 14           |        30|        30|         3|          -|          -|    10|    no    |
        +--------------------+----------+----------+----------+-----------+-----------+------+----------+



================================================================
== Utilization Estimates
================================================================
* Summary: 
+-----------------+---------+-------+--------+-------+-----+
|       Name      | BRAM_18K| DSP48E|   FF   |  LUT  | URAM|
+-----------------+---------+-------+--------+-------+-----+
|DSP              |        -|      -|       -|      -|    -|
|Expression       |        -|      -|       0|   1180|    -|
|FIFO             |        -|      -|       -|      -|    -|
|Instance         |       18|     25|    3183|   5212|    -|
|Memory           |      183|      -|      80|     18|    0|
|Multiplexer      |        -|      -|       -|   2707|    -|
|Register         |        -|      -|    1664|      -|    -|
+-----------------+---------+-------+--------+-------+-----+
|Total            |      201|     25|    4927|   9117|    0|
+-----------------+---------+-------+--------+-------+-----+
|Available        |      280|    220|  106400|  53200|    0|
+-----------------+---------+-------+--------+-------+-----+
|Utilization (%)  |       71|     11|       4|     17|    0|
+-----------------+---------+-------+--------+-------+-----+

+ Detail: 
    * Instance: 
    +--------------------------+-----------------------+---------+-------+-----+-----+-----+
    |         Instance         |         Module        | BRAM_18K| DSP48E|  FF | LUT | URAM|
    +--------------------------+-----------------------+---------+-------+-----+-----+-----+
    |grp_conv2_fu_1095         |conv2                  |       16|      5|  379|  550|    0|
    |grp_conv2_1_fu_1107       |conv2_1                |        2|      4|  370|  542|    0|
    |my_net_CRTL_BUS_s_axi_U   |my_net_CRTL_BUS_s_axi  |        0|      0|   36|   40|    0|
    |my_net_fadd_32ns_ibs_U30  |my_net_fadd_32ns_ibs   |        0|      2|  205|  390|    0|
    |my_net_fdiv_32ns_jbC_U31  |my_net_fdiv_32ns_jbC   |        0|      0|  761|  994|    0|
    |my_net_fexp_32ns_lbW_U33  |my_net_fexp_32ns_lbW   |        0|      7|  277|  924|    0|
    |my_net_hadd_16ns_cud_U36  |my_net_hadd_16ns_cud   |        0|      2|  109|  116|    0|
    |my_net_hmul_16ns_dEe_U38  |my_net_hmul_16ns_dEe   |        0|      2|   91|   36|    0|
    |my_net_hptosp_16nncg_U35  |my_net_hptosp_16nncg   |        0|      0|   52|    9|    0|
    |my_net_hsub_16ns_ocq_U37  |my_net_hsub_16ns_ocq   |        0|      2|  109|  116|    0|
    |my_net_sitofp_32nkbM_U32  |my_net_sitofp_32nkbM   |        0|      0|  340|  554|    0|
    |my_net_sptohp_32nmb6_U34  |my_net_sptohp_32nmb6   |        0|      0|   64|   21|    0|
    |grp_pool_fu_1127          |pool                   |        0|      0|  188|  465|    0|
    |grp_pool_1_fu_1119        |pool_1                 |        0|      1|  202|  455|    0|
    +--------------------------+-----------------------+---------+-------+-----+-----+-----+
    |Total                     |                       |       18|     25| 3183| 5212|    0|
    +--------------------------+-----------------------+---------+-------+-----+-----+-----+

    * DSP48E: 
    N/A

    * Memory: 
    +-----------------+---------------------+---------+----+----+-----+-------+-----+------+-------------+
    |      Memory     |        Module       | BRAM_18K| FF | LUT| URAM| Words | Bits| Banks| W*Bits*Banks|
    +-----------------+---------------------+---------+----+----+-----+-------+-----+------+-------------+
    |conv1_bias_U     |my_net_conv1_bias    |        0|  16|   4|    0|     16|   16|     1|          256|
    |conv1_output_U   |my_net_conv1_output  |       16|   0|   0|    0|  12544|   16|     1|       200704|
    |conv2_bias_U     |my_net_conv2_bias    |        0|  16|   8|    0|     32|   16|     1|          512|
    |conv2_output_U   |my_net_conv2_output  |        4|   0|   0|    0|   3200|   16|     1|        51200|
    |fc1_bias_U       |my_net_fc1_bias      |        1|   0|   0|    0|    120|   16|     1|         1920|
    |fc1_output_U     |my_net_fc1_output    |        1|   0|   0|    0|    120|   16|     1|         1920|
    |fc1_weight1_U    |my_net_fc1_weight1   |       64|   0|   0|    0|  48000|   16|     1|       768000|
    |fc1_weight2_U    |my_net_fc1_weight2   |       64|   0|   0|    0|  48000|   16|     1|       768000|
    |fc2_bias_U       |my_net_fc2_bias      |        1|   0|   0|    0|     84|   16|     1|         1344|
    |fc2_output_U     |my_net_fc2_output    |        1|   0|   0|    0|     84|   16|     1|         1344|
    |fc2_weight_U     |my_net_fc2_weight    |       16|   0|   0|    0|  10080|   16|     1|       161280|
    |fc3_bias_U       |my_net_fc3_bias      |        0|  16|   3|    0|     10|   16|     1|          160|
    |fc3_output_U     |my_net_fc3_output    |        0|  32|   3|    0|     10|   16|     1|          160|
    |fc3_weight_U     |my_net_fc3_weight    |        1|   0|   0|    0|    840|   16|     1|        13440|
    |input1_U         |my_net_input1        |        4|   0|   0|    0|   3072|   16|     1|        49152|
    |output1_U        |my_net_output1       |        1|   0|   0|    0|    784|   16|     1|        12544|
    |output2_U        |my_net_output1       |        1|   0|   0|    0|    784|   16|     1|        12544|
    |output1_1_U      |my_net_output1_1     |        1|   0|   0|    0|    100|   16|     1|         1600|
    |output2_1_U      |my_net_output1_1     |        1|   0|   0|    0|    100|   16|     1|         1600|
    |pool1_output_U   |my_net_pool1_output  |        4|   0|   0|    0|   3136|   16|     1|        50176|
    |pool2_output_U   |my_net_pool2_output  |        1|   0|   0|    0|    800|   16|     1|        12800|
    |pool2_output1_U  |my_net_pool2_output  |        1|   0|   0|    0|    800|   16|     1|        12800|
    +-----------------+---------------------+---------+----+----+-----+-------+-----+------+-------------+
    |Total            |                     |      183|  80|  18|    0| 132716|  352|    22|      2123456|
    +-----------------+---------------------+---------+----+----+-----+-------+-----+------+-------------+

    * FIFO: 
    N/A

    * Expression: 
    +------------------------+----------+-------+---+----+------------+------------+
    |      Variable Name     | Operation| DSP48E| FF| LUT| Bitwidth P0| Bitwidth P1|
    +------------------------+----------+-------+---+----+------------+------------+
    |add_ln105_fu_1351_p2    |     +    |      0|  0|  19|          14|          10|
    |add_ln107_fu_1369_p2    |     +    |      0|  0|  14|          10|           1|
    |add_ln108_fu_1386_p2    |     +    |      0|  0|  14|          10|           1|
    |add_ln117_fu_1458_p2    |     +    |      0|  0|  19|          14|          14|
    |add_ln134_fu_1507_p2    |     +    |      0|  0|  12|          12|           7|
    |add_ln136_fu_1525_p2    |     +    |      0|  0|  15|           7|           1|
    |add_ln137_fu_1542_p2    |     +    |      0|  0|  15|           7|           1|
    |add_ln147_fu_1614_p2    |     +    |      0|  0|  12|          12|          12|
    |add_ln161_1_fu_1703_p2  |     +    |      0|  0|  14|          10|          10|
    |add_ln161_2_fu_1663_p2  |     +    |      0|  0|  14|          10|           5|
    |add_ln161_3_fu_1669_p2  |     +    |      0|  0|  14|          10|           5|
    |add_ln161_fu_1714_p2    |     +    |      0|  0|  14|          10|          10|
    |add_ln169_1_fu_1724_p2  |     +    |      0|  0|  23|          16|          10|
    |add_ln169_fu_1768_p2    |     +    |      0|  0|  23|          16|          16|
    |add_ln175_1_fu_1833_p2  |     +    |      0|  0|  23|          16|          16|
    |add_ln175_2_fu_1779_p2  |     +    |      0|  0|  23|          16|          10|
    |add_ln175_fu_1801_p2    |     +    |      0|  0|  15|           7|           6|
    |add_ln185_fu_1929_p2    |     +    |      0|  0|  21|          15|          15|
    |add_ln195_1_fu_1960_p2  |     +    |      0|  0|  14|          10|           7|
    |add_ln195_fu_2004_p2    |     +    |      0|  0|  14|          10|          10|
    |add_ln44_1_fu_1640_p2   |     +    |      0|  0|  12|          12|          12|
    |add_ln44_fu_1484_p2     |     +    |      0|  0|  19|          14|          14|
    |add_ln56_1_fu_1342_p2   |     +    |      0|  0|  17|          13|          13|
    |add_ln56_fu_1328_p2     |     +    |      0|  0|  13|          13|          13|
    |i_16_fu_1501_p2         |     +    |      0|  0|  15|           5|           1|
    |i_17_fu_1519_p2         |     +    |      0|  0|  15|           6|           1|
    |i_18_fu_1657_p2         |     +    |      0|  0|  15|           6|           1|
    |i_19_fu_1681_p2         |     +    |      0|  0|  15|           6|           1|
    |i_20_fu_1474_p2         |     +    |      0|  0|  14|          10|           1|
    |i_21_fu_1736_p2         |     +    |      0|  0|  15|           6|           1|
    |i_22_fu_1850_p2         |     +    |      0|  0|  15|           7|           1|
    |i_23_fu_1795_p2         |     +    |      0|  0|  15|           6|           1|
    |i_24_fu_1630_p2         |     +    |      0|  0|  15|           7|           1|
    |i_25_fu_1949_p2         |     +    |      0|  0|  15|           7|           1|
    |i_26_fu_1867_p2         |     +    |      0|  0|  15|           7|           1|
    |i_27_fu_2021_p2         |     +    |      0|  0|  13|           4|           1|
    |i_28_fu_1972_p2         |     +    |      0|  0|  13|           4|           1|
    |i_29_fu_2038_p2         |     +    |      0|  0|  13|           4|           1|
    |i_4_fu_1363_p2          |     +    |      0|  0|  15|           5|           1|
    |i_fu_1272_p2            |     +    |      0|  0|  10|           2|           1|
    |j_10_fu_1918_p2         |     +    |      0|  0|  15|           7|           1|
    |j_11_fu_1993_p2         |     +    |      0|  0|  15|           7|           1|
    |j_1_fu_1413_p2          |     +    |      0|  0|  10|           2|           1|
    |j_2_fu_1569_p2          |     +    |      0|  0|  15|           5|           1|
    |j_4_fu_1697_p2          |     +    |      0|  0|  15|           5|           1|
    |j_8_fu_1757_p2          |     +    |      0|  0|  14|          10|           1|
    |j_9_fu_1822_p2          |     +    |      0|  0|  14|          10|           1|
    |j_fu_1300_p2            |     +    |      0|  0|  13|          11|           1|
    |k_1_fu_1599_p2          |     +    |      0|  0|  15|           7|           1|
    |k_fu_1443_p2            |     +    |      0|  0|  14|          10|           1|
    |n_1_fu_1581_p2          |     +    |      0|  0|  15|           7|           1|
    |n_fu_1425_p2            |     +    |      0|  0|  14|          10|           1|
    |sub_ln185_fu_1897_p2    |     -    |      0|  0|  21|          15|          15|
    |sub_ln56_fu_1322_p2     |     -    |      0|  0|  13|          13|          13|
    |icmp_ln105_fu_1357_p2   |   icmp   |      0|  0|  11|           5|           6|
    |icmp_ln107_fu_1380_p2   |   icmp   |      0|  0|  13|          10|           9|
    |icmp_ln108_fu_1397_p2   |   icmp   |      0|  0|  13|          10|           9|
    |icmp_ln110_fu_1407_p2   |   icmp   |      0|  0|   8|           2|           2|
    |icmp_ln112_fu_1419_p2   |   icmp   |      0|  0|  13|          10|           9|
    |icmp_ln116_fu_1437_p2   |   icmp   |      0|  0|  13|          10|           9|
    |icmp_ln128_fu_1495_p2   |   icmp   |      0|  0|  11|           5|           6|
    |icmp_ln134_fu_1513_p2   |   icmp   |      0|  0|  11|           6|           7|
    |icmp_ln136_fu_1536_p2   |   icmp   |      0|  0|  11|           7|           6|
    |icmp_ln137_fu_1553_p2   |   icmp   |      0|  0|  11|           7|           6|
    |icmp_ln139_fu_1563_p2   |   icmp   |      0|  0|  11|           5|           6|
    |icmp_ln142_fu_1575_p2   |   icmp   |      0|  0|  11|           7|           6|
    |icmp_ln146_fu_1593_p2   |   icmp   |      0|  0|  11|           7|           6|
    |icmp_ln153_fu_1651_p2   |   icmp   |      0|  0|  11|           6|           7|
    |icmp_ln159_fu_1675_p2   |   icmp   |      0|  0|  11|           6|           7|
    |icmp_ln160_fu_1691_p2   |   icmp   |      0|  0|  11|           5|           4|
    |icmp_ln166_fu_1730_p2   |   icmp   |      0|  0|  11|           6|           4|
    |icmp_ln168_fu_1751_p2   |   icmp   |      0|  0|  13|          10|           9|
    |icmp_ln173_fu_1789_p2   |   icmp   |      0|  0|  11|           6|           4|
    |icmp_ln174_fu_1816_p2   |   icmp   |      0|  0|  13|          10|           9|
    |icmp_ln183_fu_1861_p2   |   icmp   |      0|  0|  11|           7|           7|
    |icmp_ln184_fu_1912_p2   |   icmp   |      0|  0|  11|           7|           5|
    |icmp_ln193_fu_1966_p2   |   icmp   |      0|  0|   9|           4|           4|
    |icmp_ln194_fu_1987_p2   |   icmp   |      0|  0|  11|           7|           7|
    |icmp_ln205_fu_2032_p2   |   icmp   |      0|  0|   9|           4|           4|
    |icmp_ln43_1_fu_1844_p2  |   icmp   |      0|  0|  11|           7|           5|
    |icmp_ln43_2_fu_1624_p2  |   icmp   |      0|  0|  11|           7|           6|
    |icmp_ln43_3_fu_1943_p2  |   icmp   |      0|  0|  11|           7|           7|
    |icmp_ln43_4_fu_2015_p2  |   icmp   |      0|  0|   9|           4|           4|
    |icmp_ln43_fu_1468_p2    |   icmp   |      0|  0|  13|          10|           9|
    |icmp_ln54_fu_1266_p2    |   icmp   |      0|  0|   8|           2|           2|
    |icmp_ln55_fu_1294_p2    |   icmp   |      0|  0|  13|          11|          12|
    +------------------------+----------+-------+---+----+------------+------------+
    |Total                   |          |      0|  0|1180|         712|         478|
    +------------------------+----------+-------+---+----+------------+------------+

    * Multiplexer: 
    +------------------------+------+-----------+-----+-----------+
    |          Name          |  LUT | Input Size| Bits| Total Bits|
    +------------------------+------+-----------+-----+-----------+
    |ap_NS_fsm               |  1553|        352|    1|        352|
    |conv1_output_address0   |    27|          5|   14|         70|
    |conv1_output_ce0        |    15|          3|    1|          3|
    |conv1_output_d0         |    15|          3|   16|         48|
    |conv2_output_address0   |    27|          5|   12|         60|
    |conv2_output_ce0        |    15|          3|    1|          3|
    |conv2_output_d0         |    15|          3|   16|         48|
    |fc1_bias_address0       |    15|          3|    7|         21|
    |fc1_output_address0     |    33|          6|    7|         42|
    |fc1_output_d0           |    15|          3|   16|         48|
    |fc2_output_address0     |    27|          5|    7|         35|
    |fc2_output_d0           |    15|          3|   16|         48|
    |fc3_output_address0     |    27|          5|    4|         20|
    |fc3_output_d0           |    15|          3|   16|         48|
    |grp_fu_1153_p0          |    15|          3|   32|         96|
    |grp_fu_1162_p0          |    15|          3|   16|         48|
    |grp_fu_1167_p0          |    33|          6|   16|         96|
    |grp_fu_1167_p1          |    44|          9|   16|        144|
    |grp_fu_1171_p1          |    33|          6|   16|         96|
    |grp_fu_1176_p0          |    21|          4|   16|         64|
    |grp_fu_1176_p1          |    27|          5|   16|         80|
    |i10_0_reg_869           |     9|          2|    6|         12|
    |i11_0_reg_881           |     9|          2|    6|         12|
    |i13_0_reg_927           |     9|          2|    6|         12|
    |i15_0_reg_961           |     9|          2|    6|         12|
    |i17_0_reg_1006          |     9|          2|    7|         14|
    |i19_0_reg_1039          |     9|          2|    4|          8|
    |i1_0_reg_673            |     9|          2|    5|         10|
    |i21_0_reg_1084          |     9|          2|    4|          8|
    |i3_0_reg_765            |     9|          2|    5|         10|
    |i4_0_reg_777            |     9|          2|    6|         12|
    |i_0_i17_reg_858         |     9|          2|    7|         14|
    |i_0_i29_reg_995         |     9|          2|    7|         14|
    |i_0_i41_reg_1028        |     9|          2|    7|         14|
    |i_0_i53_reg_1073        |     9|          2|    4|          8|
    |i_0_i_reg_754           |     9|          2|   10|         20|
    |i_0_reg_651             |     9|          2|    2|          4|
    |input1_address0         |    15|          3|   12|         36|
    |input1_ce0              |    15|          3|    1|          3|
    |j12_0_reg_916           |     9|          2|    5|         10|
    |j14_0_reg_950           |     9|          2|   10|         20|
    |j16_0_reg_984           |     9|          2|   10|         20|
    |j18_0_reg_1017          |     9|          2|    7|         14|
    |j20_0_reg_1062          |     9|          2|    7|         14|
    |j2_0_reg_719            |     9|          2|    2|          4|
    |j7_0_reg_823            |     9|          2|    5|         10|
    |j_0_reg_662             |     9|          2|   11|         22|
    |k9_0_reg_846            |     9|          2|    7|         14|
    |k_0_reg_742             |     9|          2|   10|         20|
    |n8_0_reg_835            |     9|          2|    7|         14|
    |n_0_reg_731             |     9|          2|   10|         20|
    |output1_1_address0      |    21|          4|    7|         28|
    |output1_1_ce0           |    15|          3|    1|          3|
    |output1_1_d0            |    15|          3|   16|         48|
    |output1_1_we0           |    15|          3|    1|          3|
    |output1_address0        |    21|          4|   10|         40|
    |output1_ce0             |    15|          3|    1|          3|
    |output1_d0              |    15|          3|   16|         48|
    |output1_we0             |    15|          3|    1|          3|
    |output2_1_address0      |    27|          5|    7|         35|
    |output2_1_d0            |    15|          3|   16|         48|
    |output2_address0        |    27|          5|   10|         50|
    |output2_d0              |    15|          3|   16|         48|
    |output_r_WEN_A          |     9|          2|    4|          8|
    |phi_ln107_reg_697       |     9|          2|   10|         20|
    |phi_ln108_reg_708       |     9|          2|   10|         20|
    |phi_ln136_reg_801       |     9|          2|    7|         14|
    |phi_ln137_reg_812       |     9|          2|    7|         14|
    |phi_mul11_reg_1050      |     9|          2|   10|         20|
    |phi_mul1_reg_789        |     9|          2|   12|         24|
    |phi_mul3_reg_892        |     9|          2|   10|         20|
    |phi_mul5_reg_904        |     9|          2|   10|         20|
    |phi_mul7_reg_938        |     9|          2|   16|         32|
    |phi_mul9_reg_972        |     9|          2|   16|         32|
    |phi_mul_reg_685         |     9|          2|   14|         28|
    |pool1_output_address0   |    15|          3|   12|         36|
    |pool1_output_ce0        |    15|          3|    1|          3|
    |pool1_output_we0        |     9|          2|    1|          2|
    |pool2_output1_address0  |    21|          4|   10|         40|
    |pool2_output_address0   |    15|          3|   10|         30|
    |pool2_output_ce0        |    15|          3|    1|          3|
    |pool2_output_we0        |     9|          2|    1|          2|
    +------------------------+------+-----------+-----+-----------+
    |Total                   |  2707|        586|  722|       2600|
    +------------------------+------+-----------+-----+-----------+

    * Register: 
    +----------------------------------+-----+----+-----+-----------+
    |               Name               |  FF | LUT| Bits| Const Bits|
    +----------------------------------+-----+----+-----+-----------+
    |add_ln105_reg_2095                |   14|   0|   14|          0|
    |add_ln117_reg_2183                |   14|   0|   14|          0|
    |add_ln134_reg_2214                |   12|   0|   12|          0|
    |add_ln147_reg_2302                |   12|   0|   12|          0|
    |add_ln161_2_reg_2333              |   10|   0|   10|          0|
    |add_ln161_3_reg_2338              |   10|   0|   10|          0|
    |add_ln161_reg_2364                |   10|   0|   10|          0|
    |add_ln169_1_reg_2369              |   16|   0|   16|          0|
    |add_ln175_2_reg_2420              |   16|   0|   16|          0|
    |add_ln195_1_reg_2553              |   10|   0|   10|          0|
    |add_ln56_1_reg_2080               |   13|   0|   13|          0|
    |ap_CS_fsm                         |  351|   0|  351|          0|
    |conv1_bias_load_reg_2165          |   16|   0|   16|          0|
    |conv1_output_addr_1_reg_2196      |   14|   0|   14|          0|
    |conv1_output_load_reg_2201        |   16|   0|   16|          0|
    |conv2_bias_load_reg_2284          |   16|   0|   16|          0|
    |conv2_output_addr_1_reg_2315      |   12|   0|   12|          0|
    |conv2_output_load_reg_2320        |   16|   0|   16|          0|
    |fc1_output_addr_1_reg_2438        |    7|   0|    7|          0|
    |fc1_output_addr_3_reg_2479        |    7|   0|    7|          0|
    |fc1_output_addr_reg_2387          |    6|   0|    7|          1|
    |fc1_weight1_load_reg_2415         |   16|   0|   16|          0|
    |fc1_weight2_load_reg_2466         |   16|   0|   16|          0|
    |fc2_bias_load_reg_2535            |   16|   0|   16|          0|
    |fc2_output_addr_2_reg_2548        |    7|   0|    7|          0|
    |fc2_output_addr_reg_2502          |    7|   0|    7|          0|
    |fc2_weight_load_reg_2530          |   16|   0|   16|          0|
    |fc3_bias_load_reg_2604            |   16|   0|   16|          0|
    |fc3_output_addr_2_reg_2617        |    4|   0|    4|          0|
    |fc3_output_addr_reg_2571          |    4|   0|    4|          0|
    |fc3_weight_load_reg_2599          |   16|   0|   16|          0|
    |grp_conv2_1_fu_1107_ap_start_reg  |    1|   0|    1|          0|
    |grp_conv2_fu_1095_ap_start_reg    |    1|   0|    1|          0|
    |grp_pool_1_fu_1119_ap_start_reg   |    1|   0|    1|          0|
    |grp_pool_fu_1127_ap_start_reg     |    1|   0|    1|          0|
    |i10_0_reg_869                     |    6|   0|    6|          0|
    |i11_0_reg_881                     |    6|   0|    6|          0|
    |i13_0_reg_927                     |    6|   0|    6|          0|
    |i15_0_reg_961                     |    6|   0|    6|          0|
    |i17_0_reg_1006                    |    7|   0|    7|          0|
    |i19_0_reg_1039                    |    4|   0|    4|          0|
    |i1_0_reg_673                      |    5|   0|    5|          0|
    |i21_0_reg_1084                    |    4|   0|    4|          0|
    |i3_0_reg_765                      |    5|   0|    5|          0|
    |i4_0_reg_777                      |    6|   0|    6|          0|
    |i_0_i17_reg_858                   |    7|   0|    7|          0|
    |i_0_i29_reg_995                   |    7|   0|    7|          0|
    |i_0_i41_reg_1028                  |    7|   0|    7|          0|
    |i_0_i53_reg_1073                  |    4|   0|    4|          0|
    |i_0_i_reg_754                     |   10|   0|   10|          0|
    |i_0_reg_651                       |    2|   0|    2|          0|
    |i_16_reg_2209                     |    5|   0|    5|          0|
    |i_17_reg_2222                     |    6|   0|    6|          0|
    |i_18_reg_2328                     |    6|   0|    6|          0|
    |i_19_reg_2346                     |    6|   0|    6|          0|
    |i_20_reg_2191                     |   10|   0|   10|          0|
    |i_21_reg_2377                     |    6|   0|    6|          0|
    |i_22_reg_2474                     |    7|   0|    7|          0|
    |i_23_reg_2428                     |    6|   0|    6|          0|
    |i_24_reg_2310                     |    7|   0|    7|          0|
    |i_25_reg_2543                     |    7|   0|    7|          0|
    |i_26_reg_2487                     |    7|   0|    7|          0|
    |i_27_reg_2612                     |    4|   0|    4|          0|
    |i_28_reg_2561                     |    4|   0|    4|          0|
    |i_29_reg_2625                     |    4|   0|    4|          0|
    |i_4_reg_2103                      |    5|   0|    5|          0|
    |i_reg_2057                        |    2|   0|    2|          0|
    |input_load_reg_2085               |   32|   0|   32|          0|
    |j12_0_reg_916                     |    5|   0|    5|          0|
    |j14_0_reg_950                     |   10|   0|   10|          0|
    |j16_0_reg_984                     |   10|   0|   10|          0|
    |j18_0_reg_1017                    |    7|   0|    7|          0|
    |j20_0_reg_1062                    |    7|   0|    7|          0|
    |j2_0_reg_719                      |    2|   0|    2|          0|
    |j7_0_reg_823                      |    5|   0|    5|          0|
    |j_0_reg_662                       |   11|   0|   11|          0|
    |j_10_reg_2510                     |    7|   0|    7|          0|
    |j_11_reg_2579                     |    7|   0|    7|          0|
    |j_1_reg_2132                      |    2|   0|    2|          0|
    |j_2_reg_2251                      |    5|   0|    5|          0|
    |j_4_reg_2354                      |    5|   0|    5|          0|
    |j_8_reg_2395                      |   10|   0|   10|          0|
    |j_9_reg_2446                      |   10|   0|   10|          0|
    |j_reg_2070                        |   11|   0|   11|          0|
    |k9_0_reg_846                      |    7|   0|    7|          0|
    |k_0_reg_742                       |   10|   0|   10|          0|
    |k_1_reg_2292                      |    7|   0|    7|          0|
    |k_reg_2173                        |   10|   0|   10|          0|
    |n8_0_reg_835                      |    7|   0|    7|          0|
    |n_0_reg_731                       |   10|   0|   10|          0|
    |n_1_reg_2264                      |    7|   0|    7|          0|
    |n_reg_2145                        |   10|   0|   10|          0|
    |output1_1_load_reg_2279           |   16|   0|   16|          0|
    |output1_load_reg_2160             |   16|   0|   16|          0|
    |output2_1_addr_2_reg_2269         |    7|   0|    7|          0|
    |output2_addr_2_reg_2150           |   10|   0|   10|          0|
    |phi_ln107_reg_697                 |   10|   0|   10|          0|
    |phi_ln108_reg_708                 |   10|   0|   10|          0|
    |phi_ln136_reg_801                 |    7|   0|    7|          0|
    |phi_ln137_reg_812                 |    7|   0|    7|          0|
    |phi_mul11_reg_1050                |   10|   0|   10|          0|
    |phi_mul1_reg_789                  |   12|   0|   12|          0|
    |phi_mul3_reg_892                  |   10|   0|   10|          0|
    |phi_mul5_reg_904                  |   10|   0|   10|          0|
    |phi_mul7_reg_938                  |   16|   0|   16|          0|
    |phi_mul9_reg_972                  |   16|   0|   16|          0|
    |phi_mul_reg_685                   |   14|   0|   14|          0|
    |reg_1180                          |   16|   0|   16|          0|
    |reg_1185                          |   16|   0|   16|          0|
    |reg_1196                          |   16|   0|   16|          0|
    |reg_1201                          |   32|   0|   32|          0|
    |reg_1206                          |   32|   0|   32|          0|
    |reg_1211                          |   32|   0|   32|          0|
    |reg_1216                          |   32|   0|   32|          0|
    |reg_1221                          |   16|   0|   16|          0|
    |reg_1226                          |   16|   0|   16|          0|
    |reg_1231                          |   16|   0|   16|          0|
    |reg_1238                          |   16|   0|   16|          0|
    |reg_1243                          |   16|   0|   16|          0|
    |reg_1248                          |   16|   0|   16|          0|
    |reg_1255                          |   16|   0|   16|          0|
    |sub_ln185_reg_2492                |   12|   0|   15|          3|
    |tmp_reg_2090                      |   32|   0|   32|          0|
    |zext_ln111_reg_2124               |    5|   0|   64|         59|
    |zext_ln140_reg_2243               |    6|   0|   64|         58|
    |zext_ln169_reg_2382               |    6|   0|   64|         58|
    |zext_ln175_reg_2433               |    7|   0|   64|         57|
    |zext_ln185_reg_2497               |    7|   0|   64|         57|
    |zext_ln195_reg_2566               |    4|   0|   64|         60|
    |zext_ln206_reg_2630               |    4|   0|   64|         60|
    |zext_ln54_reg_2049                |    2|   0|   13|         11|
    |zext_ln55_1_reg_2062              |    2|   0|   13|         11|
    +----------------------------------+-----+----+-----+-----------+
    |Total                             | 1664|   0| 2099|        435|
    +----------------------------------+-----+----+-----+-----------+



================================================================
== Interface
================================================================
* Summary: 
+------------------------+-----+-----+------------+--------------+--------------+
|        RTL Ports       | Dir | Bits|  Protocol  | Source Object|    C Type    |
+------------------------+-----+-----+------------+--------------+--------------+
|s_axi_CRTL_BUS_AWVALID  |  in |    1|    s_axi   |   CRTL_BUS   |  return void |
|s_axi_CRTL_BUS_AWREADY  | out |    1|    s_axi   |   CRTL_BUS   |  return void |
|s_axi_CRTL_BUS_AWADDR   |  in |    4|    s_axi   |   CRTL_BUS   |  return void |
|s_axi_CRTL_BUS_WVALID   |  in |    1|    s_axi   |   CRTL_BUS   |  return void |
|s_axi_CRTL_BUS_WREADY   | out |    1|    s_axi   |   CRTL_BUS   |  return void |
|s_axi_CRTL_BUS_WDATA    |  in |   32|    s_axi   |   CRTL_BUS   |  return void |
|s_axi_CRTL_BUS_WSTRB    |  in |    4|    s_axi   |   CRTL_BUS   |  return void |
|s_axi_CRTL_BUS_ARVALID  |  in |    1|    s_axi   |   CRTL_BUS   |  return void |
|s_axi_CRTL_BUS_ARREADY  | out |    1|    s_axi   |   CRTL_BUS   |  return void |
|s_axi_CRTL_BUS_ARADDR   |  in |    4|    s_axi   |   CRTL_BUS   |  return void |
|s_axi_CRTL_BUS_RVALID   | out |    1|    s_axi   |   CRTL_BUS   |  return void |
|s_axi_CRTL_BUS_RREADY   |  in |    1|    s_axi   |   CRTL_BUS   |  return void |
|s_axi_CRTL_BUS_RDATA    | out |   32|    s_axi   |   CRTL_BUS   |  return void |
|s_axi_CRTL_BUS_RRESP    | out |    2|    s_axi   |   CRTL_BUS   |  return void |
|s_axi_CRTL_BUS_BVALID   | out |    1|    s_axi   |   CRTL_BUS   |  return void |
|s_axi_CRTL_BUS_BREADY   |  in |    1|    s_axi   |   CRTL_BUS   |  return void |
|s_axi_CRTL_BUS_BRESP    | out |    2|    s_axi   |   CRTL_BUS   |  return void |
|ap_clk                  |  in |    1| ap_ctrl_hs |    my_net    | return value |
|ap_rst_n                |  in |    1| ap_ctrl_hs |    my_net    | return value |
|interrupt               | out |    1| ap_ctrl_hs |    my_net    | return value |
|input_r_Addr_A          | out |   32|    bram    |    input_r   |     array    |
|input_r_EN_A            | out |    1|    bram    |    input_r   |     array    |
|input_r_WEN_A           | out |    4|    bram    |    input_r   |     array    |
|input_r_Din_A           | out |   32|    bram    |    input_r   |     array    |
|input_r_Dout_A          |  in |   32|    bram    |    input_r   |     array    |
|input_r_Clk_A           | out |    1|    bram    |    input_r   |     array    |
|input_r_Rst_A           | out |    1|    bram    |    input_r   |     array    |
|output_r_Addr_A         | out |   32|    bram    |   output_r   |     array    |
|output_r_EN_A           | out |    1|    bram    |   output_r   |     array    |
|output_r_WEN_A          | out |    4|    bram    |   output_r   |     array    |
|output_r_Din_A          | out |   32|    bram    |   output_r   |     array    |
|output_r_Dout_A         |  in |   32|    bram    |   output_r   |     array    |
|output_r_Clk_A          | out |    1|    bram    |   output_r   |     array    |
|output_r_Rst_A          | out |    1|    bram    |   output_r   |     array    |
+------------------------+-----+-----+------------+--------------+--------------+

